<?xml version="1.0" encoding="UTF-8"?>
<TestRun id="5caa2e3e-b7d0-4bed-994b-07c3f302f14f" name="baskint@MAGIC 2010-12-04 00:16:45" runUser="TAPKAN\baskint" xmlns="http://microsoft.com/schemas/VisualStudio/TeamTest/2010">
  <TestSettings name="Default Test Settings" id="78e8d438-4970-4b8f-a36f-062d885dd47b">
    <Execution>
      <TestTypeSpecific />
      <AgentRule name="Execution Agents">
      </AgentRule>
    </Execution>
    <Deployment runDeploymentRoot="baskint_MAGIC 2010-12-04 00_16_45" />
  </TestSettings>
  <Times creation="2010-12-04T00:16:45.9879663-06:00" queuing="2010-12-04T00:16:46.4439923-06:00" start="2010-12-04T00:16:46.6070017-06:00" finish="2010-12-04T00:16:46.8600161-06:00" />
  <ResultSummary outcome="Failed">
    <Counters total="2" executed="2" passed="1" error="0" failed="1" timeout="0" aborted="0" inconclusive="0" passedButRunAborted="0" notRunnable="0" notExecuted="0" disconnected="0" warning="0" completed="0" inProgress="0" pending="0" />
  </ResultSummary>
  <TestDefinitions>
    <UnitTest name="Index" storage="c:\users\baskint\documents\visual studio 2010\projects\boardsports\boardsports.tests\bin\debug\boardsports.tests.dll" id="fa57b046-e541-094f-a307-d95e3ca71a13">
      <Execution timeOut="1800000" id="17cc2689-e935-46c2-bfa1-8c43f40e0c41" />
      <TestMethod codeBase="C:/Users/baskint/Documents/Visual Studio 2010/Projects/BoardSports/BoardSports.Tests/bin/Debug/BoardSports.Tests.DLL" adapterTypeName="Microsoft.VisualStudio.TestTools.TestTypes.Unit.UnitTestAdapter, Microsoft.VisualStudio.QualityTools.Tips.UnitTest.Adapter, Version=10.0.0.0, Culture=neutral, PublicKeyToken=b03f5f7f11d50a3a" className="BoardSports.Tests.Controllers.HomeControllerTest, BoardSports.Tests, Version=1.0.0.0, Culture=neutral, PublicKeyToken=null" name="Index" />
    </UnitTest>
    <UnitTest name="About" storage="c:\users\baskint\documents\visual studio 2010\projects\boardsports\boardsports.tests\bin\debug\boardsports.tests.dll" id="38299cec-bb1a-85aa-2b3e-6e3a1fd03f14">
      <Execution timeOut="1800000" id="870315cd-bd2e-45d0-bbf0-71e7d00b0ec7" />
      <TestMethod codeBase="C:/Users/baskint/Documents/Visual Studio 2010/Projects/BoardSports/BoardSports.Tests/bin/Debug/BoardSports.Tests.DLL" adapterTypeName="Microsoft.VisualStudio.TestTools.TestTypes.Unit.UnitTestAdapter, Microsoft.VisualStudio.QualityTools.Tips.UnitTest.Adapter, Version=10.0.0.0, Culture=neutral, PublicKeyToken=b03f5f7f11d50a3a" className="BoardSports.Tests.Controllers.HomeControllerTest, BoardSports.Tests, Version=1.0.0.0, Culture=neutral, PublicKeyToken=null" name="About" />
    </UnitTest>
  </TestDefinitions>
  <TestLists>
    <TestList name="Results Not in a List" id="8c84fa94-04c1-424b-9868-57a2d4851a1d" />
    <TestList name="All Loaded Results" id="19431567-8539-422a-85d7-44ee4e166bda" />
  </TestLists>
  <TestEntries>
    <TestEntry testId="38299cec-bb1a-85aa-2b3e-6e3a1fd03f14" executionId="870315cd-bd2e-45d0-bbf0-71e7d00b0ec7" testListId="8c84fa94-04c1-424b-9868-57a2d4851a1d" />
    <TestEntry testId="fa57b046-e541-094f-a307-d95e3ca71a13" executionId="17cc2689-e935-46c2-bfa1-8c43f40e0c41" testListId="8c84fa94-04c1-424b-9868-57a2d4851a1d" />
  </TestEntries>
  <Results>
    <UnitTestResult executionId="870315cd-bd2e-45d0-bbf0-71e7d00b0ec7" testId="38299cec-bb1a-85aa-2b3e-6e3a1fd03f14" testName="About" computerName="MAGIC" duration="00:00:00.0207096" startTime="2010-12-04T00:16:46.6440038-06:00" endTime="2010-12-04T00:16:46.7200081-06:00" testType="13cdc9d9-ddb5-4fa4-a97d-d965ccfc6d4b" outcome="Passed" testListId="8c84fa94-04c1-424b-9868-57a2d4851a1d" relativeResultsDirectory="870315cd-bd2e-45d0-bbf0-71e7d00b0ec7">
    </UnitTestResult>
    <UnitTestResult executionId="17cc2689-e935-46c2-bfa1-8c43f40e0c41" testId="fa57b046-e541-094f-a307-d95e3ca71a13" testName="Index" computerName="MAGIC" duration="00:00:00.0745134" startTime="2010-12-04T00:16:46.7230083-06:00" endTime="2010-12-04T00:16:46.7980126-06:00" testType="13cdc9d9-ddb5-4fa4-a97d-d965ccfc6d4b" outcome="Failed" testListId="8c84fa94-04c1-424b-9868-57a2d4851a1d" relativeResultsDirectory="17cc2689-e935-46c2-bfa1-8c43f40e0c41">
      <Output>
        <ErrorInfo>
          <Message>Assert.AreEqual failed. Expected:&lt;Board sports are fun!&gt;. Actual:&lt;(null)&gt;. </Message>
          <StackTrace>   at BoardSports.Tests.Controllers.HomeControllerTest.Index() in C:\Users\baskint\Documents\Visual Studio 2010\Projects\BoardSports\BoardSports.Tests\Controllers\HomeControllerTest.cs:line 26
</StackTrace>
        </ErrorInfo>
      </Output>
    </UnitTestResult>
  </Results>
</TestRun>