<?xml version="1.0" encoding="UTF-8"?>
<TestRun id="584260ce-b9c5-4d48-97c2-5c806bc0ae1d" name="baskint@MAGIC 2010-12-18 18:15:00" runUser="TAPKAN\baskint" xmlns="http://microsoft.com/schemas/VisualStudio/TeamTest/2010">
  <TestSettings name="Default Test Settings" id="fb7165cb-5276-4f99-b3e1-982e14ff88b4">
    <Execution>
      <TestTypeSpecific />
      <AgentRule name="Execution Agents">
      </AgentRule>
    </Execution>
    <Deployment runDeploymentRoot="baskint_MAGIC 2010-12-18 18_15_00" />
  </TestSettings>
  <Times creation="2010-12-18T18:15:00.0513491-06:00" queuing="2010-12-18T18:15:01.3112231-06:00" start="2010-12-18T18:15:01.6841858-06:00" finish="2010-12-18T18:15:02.3381204-06:00" />
  <ResultSummary outcome="Failed">
    <Counters total="1" executed="1" error="0" failed="1" timeout="0" aborted="0" inconclusive="0" passedButRunAborted="0" notRunnable="0" notExecuted="0" disconnected="0" warning="0" passed="0" completed="0" inProgress="0" pending="0" />
  </ResultSummary>
  <TestDefinitions>
    <UnitTest name="SaveBoard_Should_Return" storage="c:\users\baskint\documents\visual studio 2010\projects\boardsports\boardsports.tests\bin\debug\boardsports.tests.dll" id="63ebbc64-1b44-8d47-e3ff-ca0958123e15">
      <Execution timeOut="1800000" id="454ffd4a-a693-45a5-990a-551d97f6238c" />
      <TestMethod codeBase="C:/Users/baskint/Documents/Visual Studio 2010/Projects/BoardSports/BoardSports.Tests/bin/Debug/BoardSports.Tests.DLL" adapterTypeName="Microsoft.VisualStudio.TestTools.TestTypes.Unit.UnitTestAdapter, Microsoft.VisualStudio.QualityTools.Tips.UnitTest.Adapter, Version=10.0.0.0, Culture=neutral, PublicKeyToken=b03f5f7f11d50a3a" className="BoardSports.Tests.Integration.SailboardTests, BoardSports.Tests, Version=1.0.0.0, Culture=neutral, PublicKeyToken=null" name="SaveBoard_Should_Return" />
    </UnitTest>
  </TestDefinitions>
  <TestLists>
    <TestList name="Results Not in a List" id="8c84fa94-04c1-424b-9868-57a2d4851a1d" />
    <TestList name="All Loaded Results" id="19431567-8539-422a-85d7-44ee4e166bda" />
  </TestLists>
  <TestEntries>
    <TestEntry testId="63ebbc64-1b44-8d47-e3ff-ca0958123e15" executionId="454ffd4a-a693-45a5-990a-551d97f6238c" testListId="8c84fa94-04c1-424b-9868-57a2d4851a1d" />
  </TestEntries>
  <Results>
    <UnitTestResult executionId="454ffd4a-a693-45a5-990a-551d97f6238c" testId="63ebbc64-1b44-8d47-e3ff-ca0958123e15" testName="SaveBoard_Should_Return" computerName="MAGIC" duration="00:00:00.3597967" startTime="2010-12-18T18:15:01.8131729-06:00" endTime="2010-12-18T18:15:02.2361306-06:00" testType="13cdc9d9-ddb5-4fa4-a97d-d965ccfc6d4b" outcome="Failed" testListId="8c84fa94-04c1-424b-9868-57a2d4851a1d" relativeResultsDirectory="454ffd4a-a693-45a5-990a-551d97f6238c">
      <Output>
        <ErrorInfo>
          <Message>Test method BoardSports.Tests.Integration.SailboardTests.SaveBoard_Should_Return threw exception: 
System.ArgumentException: The specified named connection is either not found in the configuration, not intended to be used with the EntityClient provider, or not valid.</Message>
          <StackTrace>    at System.Data.EntityClient.EntityConnection.ChangeConnectionString(String newConnectionString)
   at System.Data.EntityClient.EntityConnection..ctor(String connectionString)
   at System.Data.Objects.ObjectContext.CreateEntityConnection(String connectionString)
   at System.Data.Objects.ObjectContext..ctor(String connectionString, String defaultContainerName)
   at BoardSports.DAL.BoardSportsDevEntities..ctor() in C:\Users\baskint\Documents\Visual Studio 2010\Projects\BoardSports\BoardSports.DAL\BoardSportsEF.Designer.cs:line 46
   at BoardSports.DAL.Windsurfing.Sailboard.SaveBoard(Board board) in C:\Users\baskint\Documents\Visual Studio 2010\Projects\BoardSports\BoardSports.DAL\Windsurfing\Sailboard.cs:line 13
   at BoardSports.Tests.Integration.SailboardTests.SaveBoard_Should_Return() in C:\Users\baskint\Documents\Visual Studio 2010\Projects\BoardSports\BoardSports.Tests\Integration\SailboardTests.cs:line 35
</StackTrace>
        </ErrorInfo>
      </Output>
    </UnitTestResult>
  </Results>
</TestRun>