<?xml version="1.0" encoding="UTF-8"?>
<TestRun id="31d5f74e-0e9b-4ebd-80bb-d076d9211f8d" name="baskint@MAGIC 2010-12-18 18:24:21" runUser="TAPKAN\baskint" xmlns="http://microsoft.com/schemas/VisualStudio/TeamTest/2010">
  <TestSettings name="Default Test Settings" id="1be1bb78-ced9-439c-9e21-1249bbe77e42">
    <Execution>
      <TestTypeSpecific />
      <AgentRule name="Execution Agents">
      </AgentRule>
    </Execution>
    <Deployment runDeploymentRoot="baskint_MAGIC 2010-12-18 18_24_21" />
  </TestSettings>
  <Times creation="2010-12-18T18:24:21.1702316-06:00" queuing="2010-12-18T18:24:21.6621824-06:00" start="2010-12-18T18:24:21.8351651-06:00" finish="2010-12-18T18:24:25.3238162-06:00" />
  <ResultSummary outcome="Failed">
    <Counters total="1" executed="1" error="0" failed="1" timeout="0" aborted="0" inconclusive="0" passedButRunAborted="0" notRunnable="0" notExecuted="0" disconnected="0" warning="0" passed="0" completed="0" inProgress="0" pending="0" />
  </ResultSummary>
  <TestDefinitions>
    <UnitTest name="SaveBoard_Should_Return" storage="c:\users\baskint\documents\visual studio 2010\projects\boardsports\boardsports.tests\bin\debug\boardsports.tests.dll" id="63ebbc64-1b44-8d47-e3ff-ca0958123e15">
      <Execution timeOut="1800000" id="009b81fb-e517-4713-b619-9185a735e85d" />
      <TestMethod codeBase="C:/Users/baskint/Documents/Visual Studio 2010/Projects/BoardSports/BoardSports.Tests/bin/Debug/BoardSports.Tests.DLL" adapterTypeName="Microsoft.VisualStudio.TestTools.TestTypes.Unit.UnitTestAdapter, Microsoft.VisualStudio.QualityTools.Tips.UnitTest.Adapter, Version=10.0.0.0, Culture=neutral, PublicKeyToken=b03f5f7f11d50a3a" className="BoardSports.Tests.Integration.SailboardTests, BoardSports.Tests, Version=1.0.0.0, Culture=neutral, PublicKeyToken=null" name="SaveBoard_Should_Return" />
    </UnitTest>
  </TestDefinitions>
  <TestLists>
    <TestList name="Results Not in a List" id="8c84fa94-04c1-424b-9868-57a2d4851a1d" />
    <TestList name="All Loaded Results" id="19431567-8539-422a-85d7-44ee4e166bda" />
  </TestLists>
  <TestEntries>
    <TestEntry testId="63ebbc64-1b44-8d47-e3ff-ca0958123e15" executionId="009b81fb-e517-4713-b619-9185a735e85d" testListId="8c84fa94-04c1-424b-9868-57a2d4851a1d" />
  </TestEntries>
  <Results>
    <UnitTestResult executionId="009b81fb-e517-4713-b619-9185a735e85d" testId="63ebbc64-1b44-8d47-e3ff-ca0958123e15" testName="SaveBoard_Should_Return" computerName="MAGIC" duration="00:00:03.1329614" startTime="2010-12-18T18:24:21.8941592-06:00" endTime="2010-12-18T18:24:25.0808405-06:00" testType="13cdc9d9-ddb5-4fa4-a97d-d965ccfc6d4b" outcome="Failed" testListId="8c84fa94-04c1-424b-9868-57a2d4851a1d" relativeResultsDirectory="009b81fb-e517-4713-b619-9185a735e85d">
      <Output>
        <ErrorInfo>
          <Message>Assert.IsTrue failed. </Message>
          <StackTrace>   at BoardSports.Tests.Integration.SailboardTests.SaveBoard_Should_Return() in C:\Users\baskint\Documents\Visual Studio 2010\Projects\BoardSports\BoardSports.Tests\Integration\SailboardTests.cs:line 38
</StackTrace>
        </ErrorInfo>
      </Output>
    </UnitTestResult>
  </Results>
</TestRun>