<?xml version="1.0" encoding="UTF-8"?>
<TestRun id="a95753f4-a956-480a-b82e-15c0821b4978" name="baskint@MAGIC 2010-12-04 00:16:34" runUser="TAPKAN\baskint" xmlns="http://microsoft.com/schemas/VisualStudio/TeamTest/2010">
  <TestSettings name="Default Test Settings" id="6661cd60-ad02-40fc-ba22-7825497d21e3">
    <Execution>
      <TestTypeSpecific />
      <AgentRule name="Execution Agents">
      </AgentRule>
    </Execution>
    <Deployment runDeploymentRoot="baskint_MAGIC 2010-12-04 00_16_34" />
  </TestSettings>
  <Times creation="2010-12-04T00:16:34.7923259-06:00" queuing="2010-12-04T00:16:35.3853598-06:00" start="2010-12-04T00:16:35.6803767-06:00" finish="2010-12-04T00:16:36.0783995-06:00" />
  <ResultSummary outcome="Completed">
    <Counters total="25" executed="25" passed="25" error="0" failed="0" timeout="0" aborted="0" inconclusive="0" passedButRunAborted="0" notRunnable="0" notExecuted="0" disconnected="0" warning="0" completed="0" inProgress="0" pending="0" />
  </ResultSummary>
  <TestDefinitions>
    <UnitTest name="ConstructorSetsPropertiesToDefaultValues" storage="c:\users\baskint\documents\visual studio 2010\projects\boardsports\boardsports.tests\bin\debug\boardsports.tests.dll" id="abba90e1-1d66-a7a9-959d-308ea5817443">
      <Execution timeOut="1800000" id="709ac85e-2ade-41aa-a932-0bc736ba3aeb" />
      <TestMethod codeBase="C:/Users/baskint/Documents/Visual Studio 2010/Projects/BoardSports/BoardSports.Tests/bin/Debug/BoardSports.Tests.DLL" adapterTypeName="Microsoft.VisualStudio.TestTools.TestTypes.Unit.UnitTestAdapter, Microsoft.VisualStudio.QualityTools.Tips.UnitTest.Adapter, Version=10.0.0.0, Culture=neutral, PublicKeyToken=b03f5f7f11d50a3a" className="BoardSports.Tests.Controllers.AccountControllerTest, BoardSports.Tests, Version=1.0.0.0, Culture=neutral, PublicKeyToken=null" name="ConstructorSetsPropertiesToDefaultValues" />
    </UnitTest>
    <UnitTest name="RegisterPostReturnsViewIfRegistrationFails" storage="c:\users\baskint\documents\visual studio 2010\projects\boardsports\boardsports.tests\bin\debug\boardsports.tests.dll" id="adcf75dd-6b6e-145b-cdf6-9b134c490276">
      <Execution timeOut="1800000" id="45ab53da-8d77-465a-b18a-fdcaaca31cc7" />
      <TestMethod codeBase="C:/Users/baskint/Documents/Visual Studio 2010/Projects/BoardSports/BoardSports.Tests/bin/Debug/BoardSports.Tests.DLL" adapterTypeName="Microsoft.VisualStudio.TestTools.TestTypes.Unit.UnitTestAdapter, Microsoft.VisualStudio.QualityTools.Tips.UnitTest.Adapter, Version=10.0.0.0, Culture=neutral, PublicKeyToken=b03f5f7f11d50a3a" className="BoardSports.Tests.Controllers.AccountControllerTest, BoardSports.Tests, Version=1.0.0.0, Culture=neutral, PublicKeyToken=null" name="RegisterPostReturnsViewIfRegistrationFails" />
    </UnitTest>
    <UnitTest name="ChangePasswordPostReturnsViewIfNewPasswordIsTooShort" storage="c:\users\baskint\documents\visual studio 2010\projects\boardsports\boardsports.tests\bin\debug\boardsports.tests.dll" id="45007023-d0ee-c53f-db7c-c1b7a78556ab">
      <Execution timeOut="1800000" id="9a82b96a-bdc0-4429-9227-000ecc5741ea" />
      <TestMethod codeBase="C:/Users/baskint/Documents/Visual Studio 2010/Projects/BoardSports/BoardSports.Tests/bin/Debug/BoardSports.Tests.DLL" adapterTypeName="Microsoft.VisualStudio.TestTools.TestTypes.Unit.UnitTestAdapter, Microsoft.VisualStudio.QualityTools.Tips.UnitTest.Adapter, Version=10.0.0.0, Culture=neutral, PublicKeyToken=b03f5f7f11d50a3a" className="BoardSports.Tests.Controllers.AccountControllerTest, BoardSports.Tests, Version=1.0.0.0, Culture=neutral, PublicKeyToken=null" name="ChangePasswordPostReturnsViewIfNewPasswordIsTooShort" />
    </UnitTest>
    <UnitTest name="LoginPostReturnsViewIfUsernameNotSpecified" storage="c:\users\baskint\documents\visual studio 2010\projects\boardsports\boardsports.tests\bin\debug\boardsports.tests.dll" id="fb01ef97-7f8d-abda-50de-6bdd78e3d01b">
      <Execution timeOut="1800000" id="817feae2-aba9-43cb-8b23-e3d1d35edc89" />
      <TestMethod codeBase="C:/Users/baskint/Documents/Visual Studio 2010/Projects/BoardSports/BoardSports.Tests/bin/Debug/BoardSports.Tests.DLL" adapterTypeName="Microsoft.VisualStudio.TestTools.TestTypes.Unit.UnitTestAdapter, Microsoft.VisualStudio.QualityTools.Tips.UnitTest.Adapter, Version=10.0.0.0, Culture=neutral, PublicKeyToken=b03f5f7f11d50a3a" className="BoardSports.Tests.Controllers.AccountControllerTest, BoardSports.Tests, Version=1.0.0.0, Culture=neutral, PublicKeyToken=null" name="LoginPostReturnsViewIfUsernameNotSpecified" />
    </UnitTest>
    <UnitTest name="RegisterPostReturnsViewIfPasswordIsNull" storage="c:\users\baskint\documents\visual studio 2010\projects\boardsports\boardsports.tests\bin\debug\boardsports.tests.dll" id="cd199a80-1bbe-9dd8-ff7d-5767858c842c">
      <Execution timeOut="1800000" id="d9d90c54-ef99-46bc-b060-0b69b9945d47" />
      <TestMethod codeBase="C:/Users/baskint/Documents/Visual Studio 2010/Projects/BoardSports/BoardSports.Tests/bin/Debug/BoardSports.Tests.DLL" adapterTypeName="Microsoft.VisualStudio.TestTools.TestTypes.Unit.UnitTestAdapter, Microsoft.VisualStudio.QualityTools.Tips.UnitTest.Adapter, Version=10.0.0.0, Culture=neutral, PublicKeyToken=b03f5f7f11d50a3a" className="BoardSports.Tests.Controllers.AccountControllerTest, BoardSports.Tests, Version=1.0.0.0, Culture=neutral, PublicKeyToken=null" name="RegisterPostReturnsViewIfPasswordIsNull" />
    </UnitTest>
    <UnitTest name="RegisterPostReturnsViewIfUsernameNotSpecified" storage="c:\users\baskint\documents\visual studio 2010\projects\boardsports\boardsports.tests\bin\debug\boardsports.tests.dll" id="0e265a66-1a88-fde2-6ef9-f08300ae3f86">
      <Execution timeOut="1800000" id="345e4235-2f4f-40bb-b7e0-d6146f335d6f" />
      <TestMethod codeBase="C:/Users/baskint/Documents/Visual Studio 2010/Projects/BoardSports/BoardSports.Tests/bin/Debug/BoardSports.Tests.DLL" adapterTypeName="Microsoft.VisualStudio.TestTools.TestTypes.Unit.UnitTestAdapter, Microsoft.VisualStudio.QualityTools.Tips.UnitTest.Adapter, Version=10.0.0.0, Culture=neutral, PublicKeyToken=b03f5f7f11d50a3a" className="BoardSports.Tests.Controllers.AccountControllerTest, BoardSports.Tests, Version=1.0.0.0, Culture=neutral, PublicKeyToken=null" name="RegisterPostReturnsViewIfUsernameNotSpecified" />
    </UnitTest>
    <UnitTest name="RegisterPostRedirectsHomeIfRegistrationSuccessful" storage="c:\users\baskint\documents\visual studio 2010\projects\boardsports\boardsports.tests\bin\debug\boardsports.tests.dll" id="ed703782-a202-dfe6-fe85-be00d9d5925d">
      <Execution timeOut="1800000" id="2450f79d-45ef-4eea-8a8c-93773b9b4ea5" />
      <TestMethod codeBase="C:/Users/baskint/Documents/Visual Studio 2010/Projects/BoardSports/BoardSports.Tests/bin/Debug/BoardSports.Tests.DLL" adapterTypeName="Microsoft.VisualStudio.TestTools.TestTypes.Unit.UnitTestAdapter, Microsoft.VisualStudio.QualityTools.Tips.UnitTest.Adapter, Version=10.0.0.0, Culture=neutral, PublicKeyToken=b03f5f7f11d50a3a" className="BoardSports.Tests.Controllers.AccountControllerTest, BoardSports.Tests, Version=1.0.0.0, Culture=neutral, PublicKeyToken=null" name="RegisterPostRedirectsHomeIfRegistrationSuccessful" />
    </UnitTest>
    <UnitTest name="RegisterPostReturnsViewIfNewPasswordDoesNotMatchConfirmPassword" storage="c:\users\baskint\documents\visual studio 2010\projects\boardsports\boardsports.tests\bin\debug\boardsports.tests.dll" id="fe2c1f2f-036d-b0af-f5df-36dffe5e0f7a">
      <Execution timeOut="1800000" id="904aaf8a-818e-413f-8036-da6f1e95a9c4" />
      <TestMethod codeBase="C:/Users/baskint/Documents/Visual Studio 2010/Projects/BoardSports/BoardSports.Tests/bin/Debug/BoardSports.Tests.DLL" adapterTypeName="Microsoft.VisualStudio.TestTools.TestTypes.Unit.UnitTestAdapter, Microsoft.VisualStudio.QualityTools.Tips.UnitTest.Adapter, Version=10.0.0.0, Culture=neutral, PublicKeyToken=b03f5f7f11d50a3a" className="BoardSports.Tests.Controllers.AccountControllerTest, BoardSports.Tests, Version=1.0.0.0, Culture=neutral, PublicKeyToken=null" name="RegisterPostReturnsViewIfNewPasswordDoesNotMatchConfirmPassword" />
    </UnitTest>
    <UnitTest name="LoginPostRedirectsHomeIfLoginSuccessfulButNoReturnUrlGiven" storage="c:\users\baskint\documents\visual studio 2010\projects\boardsports\boardsports.tests\bin\debug\boardsports.tests.dll" id="c314a670-4d52-83ce-1cee-8589e03dbfa9">
      <Execution timeOut="1800000" id="c49e0529-a63b-4835-9f1e-0c8d2c3953e4" />
      <TestMethod codeBase="C:/Users/baskint/Documents/Visual Studio 2010/Projects/BoardSports/BoardSports.Tests/bin/Debug/BoardSports.Tests.DLL" adapterTypeName="Microsoft.VisualStudio.TestTools.TestTypes.Unit.UnitTestAdapter, Microsoft.VisualStudio.QualityTools.Tips.UnitTest.Adapter, Version=10.0.0.0, Culture=neutral, PublicKeyToken=b03f5f7f11d50a3a" className="BoardSports.Tests.Controllers.AccountControllerTest, BoardSports.Tests, Version=1.0.0.0, Culture=neutral, PublicKeyToken=null" name="LoginPostRedirectsHomeIfLoginSuccessfulButNoReturnUrlGiven" />
    </UnitTest>
    <UnitTest name="ChangePasswordPostReturnsViewIfNewPasswordDoesNotMatchConfirmPassword" storage="c:\users\baskint\documents\visual studio 2010\projects\boardsports\boardsports.tests\bin\debug\boardsports.tests.dll" id="1b5b757b-7ada-47c0-f76d-2b72a978a2b3">
      <Execution timeOut="1800000" id="e773bf59-21ab-4282-aa8e-6cb26f21c1cc" />
      <TestMethod codeBase="C:/Users/baskint/Documents/Visual Studio 2010/Projects/BoardSports/BoardSports.Tests/bin/Debug/BoardSports.Tests.DLL" adapterTypeName="Microsoft.VisualStudio.TestTools.TestTypes.Unit.UnitTestAdapter, Microsoft.VisualStudio.QualityTools.Tips.UnitTest.Adapter, Version=10.0.0.0, Culture=neutral, PublicKeyToken=b03f5f7f11d50a3a" className="BoardSports.Tests.Controllers.AccountControllerTest, BoardSports.Tests, Version=1.0.0.0, Culture=neutral, PublicKeyToken=null" name="ChangePasswordPostReturnsViewIfNewPasswordDoesNotMatchConfirmPassword" />
    </UnitTest>
    <UnitTest name="ChangePasswordSuccess" storage="c:\users\baskint\documents\visual studio 2010\projects\boardsports\boardsports.tests\bin\debug\boardsports.tests.dll" id="16d5dd29-4df3-0d7e-2baf-3ce0e88f242d">
      <Execution timeOut="1800000" id="d2c6b05a-95a7-4182-920d-a3ce76d8037e" />
      <TestMethod codeBase="C:/Users/baskint/Documents/Visual Studio 2010/Projects/BoardSports/BoardSports.Tests/bin/Debug/BoardSports.Tests.DLL" adapterTypeName="Microsoft.VisualStudio.TestTools.TestTypes.Unit.UnitTestAdapter, Microsoft.VisualStudio.QualityTools.Tips.UnitTest.Adapter, Version=10.0.0.0, Culture=neutral, PublicKeyToken=b03f5f7f11d50a3a" className="BoardSports.Tests.Controllers.AccountControllerTest, BoardSports.Tests, Version=1.0.0.0, Culture=neutral, PublicKeyToken=null" name="ChangePasswordSuccess" />
    </UnitTest>
    <UnitTest name="LogOff" storage="c:\users\baskint\documents\visual studio 2010\projects\boardsports\boardsports.tests\bin\debug\boardsports.tests.dll" id="b35827de-cfa8-a3b3-8c79-b8b3f3df5937">
      <Execution timeOut="1800000" id="6b208665-f883-4d26-90d0-10380b1dfdb8" />
      <TestMethod codeBase="C:/Users/baskint/Documents/Visual Studio 2010/Projects/BoardSports/BoardSports.Tests/bin/Debug/BoardSports.Tests.DLL" adapterTypeName="Microsoft.VisualStudio.TestTools.TestTypes.Unit.UnitTestAdapter, Microsoft.VisualStudio.QualityTools.Tips.UnitTest.Adapter, Version=10.0.0.0, Culture=neutral, PublicKeyToken=b03f5f7f11d50a3a" className="BoardSports.Tests.Controllers.AccountControllerTest, BoardSports.Tests, Version=1.0.0.0, Culture=neutral, PublicKeyToken=null" name="LogOff" />
    </UnitTest>
    <UnitTest name="LoginPostRedirectsToReturnUrlIfLoginSuccessfulAndReturnUrlGiven" storage="c:\users\baskint\documents\visual studio 2010\projects\boardsports\boardsports.tests\bin\debug\boardsports.tests.dll" id="76965c2f-3481-f040-6258-730e6ec88730">
      <Execution timeOut="1800000" id="a4fa78ce-376e-4499-9bd1-989c59b96a78" />
      <TestMethod codeBase="C:/Users/baskint/Documents/Visual Studio 2010/Projects/BoardSports/BoardSports.Tests/bin/Debug/BoardSports.Tests.DLL" adapterTypeName="Microsoft.VisualStudio.TestTools.TestTypes.Unit.UnitTestAdapter, Microsoft.VisualStudio.QualityTools.Tips.UnitTest.Adapter, Version=10.0.0.0, Culture=neutral, PublicKeyToken=b03f5f7f11d50a3a" className="BoardSports.Tests.Controllers.AccountControllerTest, BoardSports.Tests, Version=1.0.0.0, Culture=neutral, PublicKeyToken=null" name="LoginPostRedirectsToReturnUrlIfLoginSuccessfulAndReturnUrlGiven" />
    </UnitTest>
    <UnitTest name="RegisterPostReturnsViewIfEmailNotSpecified" storage="c:\users\baskint\documents\visual studio 2010\projects\boardsports\boardsports.tests\bin\debug\boardsports.tests.dll" id="2485a47b-c028-7418-dd20-25a97fd5b774">
      <Execution timeOut="1800000" id="298c1072-1826-4538-ad81-8723f66eb93b" />
      <TestMethod codeBase="C:/Users/baskint/Documents/Visual Studio 2010/Projects/BoardSports/BoardSports.Tests/bin/Debug/BoardSports.Tests.DLL" adapterTypeName="Microsoft.VisualStudio.TestTools.TestTypes.Unit.UnitTestAdapter, Microsoft.VisualStudio.QualityTools.Tips.UnitTest.Adapter, Version=10.0.0.0, Culture=neutral, PublicKeyToken=b03f5f7f11d50a3a" className="BoardSports.Tests.Controllers.AccountControllerTest, BoardSports.Tests, Version=1.0.0.0, Culture=neutral, PublicKeyToken=null" name="RegisterPostReturnsViewIfEmailNotSpecified" />
    </UnitTest>
    <UnitTest name="ChangePasswordPostRedirectsOnSuccess" storage="c:\users\baskint\documents\visual studio 2010\projects\boardsports\boardsports.tests\bin\debug\boardsports.tests.dll" id="fd907f3f-22e5-118a-f380-8d632908eb42">
      <Execution timeOut="1800000" id="36b5cbf5-4acd-44a6-a369-94747cc355d7" />
      <TestMethod codeBase="C:/Users/baskint/Documents/Visual Studio 2010/Projects/BoardSports/BoardSports.Tests/bin/Debug/BoardSports.Tests.DLL" adapterTypeName="Microsoft.VisualStudio.TestTools.TestTypes.Unit.UnitTestAdapter, Microsoft.VisualStudio.QualityTools.Tips.UnitTest.Adapter, Version=10.0.0.0, Culture=neutral, PublicKeyToken=b03f5f7f11d50a3a" className="BoardSports.Tests.Controllers.AccountControllerTest, BoardSports.Tests, Version=1.0.0.0, Culture=neutral, PublicKeyToken=null" name="ChangePasswordPostRedirectsOnSuccess" />
    </UnitTest>
    <UnitTest name="ChangePasswordGetReturnsView" storage="c:\users\baskint\documents\visual studio 2010\projects\boardsports\boardsports.tests\bin\debug\boardsports.tests.dll" id="dccc6c41-dfc6-657e-5f3b-cddfe2da3048">
      <Execution timeOut="1800000" id="e0943ae5-f26c-4ea1-b86e-b4a88415bd4c" />
      <TestMethod codeBase="C:/Users/baskint/Documents/Visual Studio 2010/Projects/BoardSports/BoardSports.Tests/bin/Debug/BoardSports.Tests.DLL" adapterTypeName="Microsoft.VisualStudio.TestTools.TestTypes.Unit.UnitTestAdapter, Microsoft.VisualStudio.QualityTools.Tips.UnitTest.Adapter, Version=10.0.0.0, Culture=neutral, PublicKeyToken=b03f5f7f11d50a3a" className="BoardSports.Tests.Controllers.AccountControllerTest, BoardSports.Tests, Version=1.0.0.0, Culture=neutral, PublicKeyToken=null" name="ChangePasswordGetReturnsView" />
    </UnitTest>
    <UnitTest name="LoginPostReturnsViewIfUsernameOrPasswordIsIncorrect" storage="c:\users\baskint\documents\visual studio 2010\projects\boardsports\boardsports.tests\bin\debug\boardsports.tests.dll" id="f82417fe-1699-d3be-de63-f3a74823bf3b">
      <Execution timeOut="1800000" id="1adbc7fd-c0bb-4ca9-b098-40b55edd08c7" />
      <TestMethod codeBase="C:/Users/baskint/Documents/Visual Studio 2010/Projects/BoardSports/BoardSports.Tests/bin/Debug/BoardSports.Tests.DLL" adapterTypeName="Microsoft.VisualStudio.TestTools.TestTypes.Unit.UnitTestAdapter, Microsoft.VisualStudio.QualityTools.Tips.UnitTest.Adapter, Version=10.0.0.0, Culture=neutral, PublicKeyToken=b03f5f7f11d50a3a" className="BoardSports.Tests.Controllers.AccountControllerTest, BoardSports.Tests, Version=1.0.0.0, Culture=neutral, PublicKeyToken=null" name="LoginPostReturnsViewIfUsernameOrPasswordIsIncorrect" />
    </UnitTest>
    <UnitTest name="RegisterPostReturnsViewIfPasswordIsTooShort" storage="c:\users\baskint\documents\visual studio 2010\projects\boardsports\boardsports.tests\bin\debug\boardsports.tests.dll" id="3c97b0bf-3e81-606a-e1d8-e8cbe2c2d342">
      <Execution timeOut="1800000" id="37e916df-be71-4bb2-a4c8-d75746c509c6" />
      <TestMethod codeBase="C:/Users/baskint/Documents/Visual Studio 2010/Projects/BoardSports/BoardSports.Tests/bin/Debug/BoardSports.Tests.DLL" adapterTypeName="Microsoft.VisualStudio.TestTools.TestTypes.Unit.UnitTestAdapter, Microsoft.VisualStudio.QualityTools.Tips.UnitTest.Adapter, Version=10.0.0.0, Culture=neutral, PublicKeyToken=b03f5f7f11d50a3a" className="BoardSports.Tests.Controllers.AccountControllerTest, BoardSports.Tests, Version=1.0.0.0, Culture=neutral, PublicKeyToken=null" name="RegisterPostReturnsViewIfPasswordIsTooShort" />
    </UnitTest>
    <UnitTest name="ChangePasswordPostReturnsViewIfNewPasswordIsNull" storage="c:\users\baskint\documents\visual studio 2010\projects\boardsports\boardsports.tests\bin\debug\boardsports.tests.dll" id="b4471919-9462-8526-2dad-8b54b25dcca3">
      <Execution timeOut="1800000" id="69e5b0a0-b49b-4cf8-9902-e04d4cf267d4" />
      <TestMethod codeBase="C:/Users/baskint/Documents/Visual Studio 2010/Projects/BoardSports/BoardSports.Tests/bin/Debug/BoardSports.Tests.DLL" adapterTypeName="Microsoft.VisualStudio.TestTools.TestTypes.Unit.UnitTestAdapter, Microsoft.VisualStudio.QualityTools.Tips.UnitTest.Adapter, Version=10.0.0.0, Culture=neutral, PublicKeyToken=b03f5f7f11d50a3a" className="BoardSports.Tests.Controllers.AccountControllerTest, BoardSports.Tests, Version=1.0.0.0, Culture=neutral, PublicKeyToken=null" name="ChangePasswordPostReturnsViewIfNewPasswordIsNull" />
    </UnitTest>
    <UnitTest name="ConstructorSetsProperties" storage="c:\users\baskint\documents\visual studio 2010\projects\boardsports\boardsports.tests\bin\debug\boardsports.tests.dll" id="70c5b899-c250-3962-f461-67365318d622">
      <Execution timeOut="1800000" id="6bd50ddf-565f-4287-9fc7-db4fb4f62ab3" />
      <TestMethod codeBase="C:/Users/baskint/Documents/Visual Studio 2010/Projects/BoardSports/BoardSports.Tests/bin/Debug/BoardSports.Tests.DLL" adapterTypeName="Microsoft.VisualStudio.TestTools.TestTypes.Unit.UnitTestAdapter, Microsoft.VisualStudio.QualityTools.Tips.UnitTest.Adapter, Version=10.0.0.0, Culture=neutral, PublicKeyToken=b03f5f7f11d50a3a" className="BoardSports.Tests.Controllers.AccountControllerTest, BoardSports.Tests, Version=1.0.0.0, Culture=neutral, PublicKeyToken=null" name="ConstructorSetsProperties" />
    </UnitTest>
    <UnitTest name="ChangePasswordPostReturnsViewIfProviderRejectsPassword" storage="c:\users\baskint\documents\visual studio 2010\projects\boardsports\boardsports.tests\bin\debug\boardsports.tests.dll" id="61d912d3-8907-2e97-1d15-1a42194ec184">
      <Execution timeOut="1800000" id="08ca8208-0b0d-40d9-8a38-b7f19f59a282" />
      <TestMethod codeBase="C:/Users/baskint/Documents/Visual Studio 2010/Projects/BoardSports/BoardSports.Tests/bin/Debug/BoardSports.Tests.DLL" adapterTypeName="Microsoft.VisualStudio.TestTools.TestTypes.Unit.UnitTestAdapter, Microsoft.VisualStudio.QualityTools.Tips.UnitTest.Adapter, Version=10.0.0.0, Culture=neutral, PublicKeyToken=b03f5f7f11d50a3a" className="BoardSports.Tests.Controllers.AccountControllerTest, BoardSports.Tests, Version=1.0.0.0, Culture=neutral, PublicKeyToken=null" name="ChangePasswordPostReturnsViewIfProviderRejectsPassword" />
    </UnitTest>
    <UnitTest name="RegisterGet" storage="c:\users\baskint\documents\visual studio 2010\projects\boardsports\boardsports.tests\bin\debug\boardsports.tests.dll" id="c35b2639-85f8-fdb5-7023-ee76a1844d47">
      <Execution timeOut="1800000" id="2369fd45-4cea-4e6b-8914-4c28adf6da59" />
      <TestMethod codeBase="C:/Users/baskint/Documents/Visual Studio 2010/Projects/BoardSports/BoardSports.Tests/bin/Debug/BoardSports.Tests.DLL" adapterTypeName="Microsoft.VisualStudio.TestTools.TestTypes.Unit.UnitTestAdapter, Microsoft.VisualStudio.QualityTools.Tips.UnitTest.Adapter, Version=10.0.0.0, Culture=neutral, PublicKeyToken=b03f5f7f11d50a3a" className="BoardSports.Tests.Controllers.AccountControllerTest, BoardSports.Tests, Version=1.0.0.0, Culture=neutral, PublicKeyToken=null" name="RegisterGet" />
    </UnitTest>
    <UnitTest name="LoginPostReturnsViewIfPasswordNotSpecified" storage="c:\users\baskint\documents\visual studio 2010\projects\boardsports\boardsports.tests\bin\debug\boardsports.tests.dll" id="aebc9ee0-6de2-b3db-3464-4affce0df534">
      <Execution timeOut="1800000" id="227186c9-15a8-45a3-b8ca-ab24697af03c" />
      <TestMethod codeBase="C:/Users/baskint/Documents/Visual Studio 2010/Projects/BoardSports/BoardSports.Tests/bin/Debug/BoardSports.Tests.DLL" adapterTypeName="Microsoft.VisualStudio.TestTools.TestTypes.Unit.UnitTestAdapter, Microsoft.VisualStudio.QualityTools.Tips.UnitTest.Adapter, Version=10.0.0.0, Culture=neutral, PublicKeyToken=b03f5f7f11d50a3a" className="BoardSports.Tests.Controllers.AccountControllerTest, BoardSports.Tests, Version=1.0.0.0, Culture=neutral, PublicKeyToken=null" name="LoginPostReturnsViewIfPasswordNotSpecified" />
    </UnitTest>
    <UnitTest name="LoginGet" storage="c:\users\baskint\documents\visual studio 2010\projects\boardsports\boardsports.tests\bin\debug\boardsports.tests.dll" id="d42d7079-c9cc-505c-cadd-975302dc1909">
      <Execution timeOut="1800000" id="a9ba941f-4a89-4981-84ad-7f3d98a23afe" />
      <TestMethod codeBase="C:/Users/baskint/Documents/Visual Studio 2010/Projects/BoardSports/BoardSports.Tests/bin/Debug/BoardSports.Tests.DLL" adapterTypeName="Microsoft.VisualStudio.TestTools.TestTypes.Unit.UnitTestAdapter, Microsoft.VisualStudio.QualityTools.Tips.UnitTest.Adapter, Version=10.0.0.0, Culture=neutral, PublicKeyToken=b03f5f7f11d50a3a" className="BoardSports.Tests.Controllers.AccountControllerTest, BoardSports.Tests, Version=1.0.0.0, Culture=neutral, PublicKeyToken=null" name="LoginGet" />
    </UnitTest>
    <UnitTest name="ChangePasswordPostReturnsViewIfCurrentPasswordNotSpecified" storage="c:\users\baskint\documents\visual studio 2010\projects\boardsports\boardsports.tests\bin\debug\boardsports.tests.dll" id="c7d9af21-c13d-3f44-d683-ae82f4c46e6a">
      <Execution timeOut="1800000" id="49bfbdb8-fc96-4689-8e3a-098ba5229bdd" />
      <TestMethod codeBase="C:/Users/baskint/Documents/Visual Studio 2010/Projects/BoardSports/BoardSports.Tests/bin/Debug/BoardSports.Tests.DLL" adapterTypeName="Microsoft.VisualStudio.TestTools.TestTypes.Unit.UnitTestAdapter, Microsoft.VisualStudio.QualityTools.Tips.UnitTest.Adapter, Version=10.0.0.0, Culture=neutral, PublicKeyToken=b03f5f7f11d50a3a" className="BoardSports.Tests.Controllers.AccountControllerTest, BoardSports.Tests, Version=1.0.0.0, Culture=neutral, PublicKeyToken=null" name="ChangePasswordPostReturnsViewIfCurrentPasswordNotSpecified" />
    </UnitTest>
  </TestDefinitions>
  <TestLists>
    <TestList name="Results Not in a List" id="8c84fa94-04c1-424b-9868-57a2d4851a1d" />
    <TestList name="All Loaded Results" id="19431567-8539-422a-85d7-44ee4e166bda" />
  </TestLists>
  <TestEntries>
    <TestEntry testId="dccc6c41-dfc6-657e-5f3b-cddfe2da3048" executionId="e0943ae5-f26c-4ea1-b86e-b4a88415bd4c" testListId="8c84fa94-04c1-424b-9868-57a2d4851a1d" />
    <TestEntry testId="fd907f3f-22e5-118a-f380-8d632908eb42" executionId="36b5cbf5-4acd-44a6-a369-94747cc355d7" testListId="8c84fa94-04c1-424b-9868-57a2d4851a1d" />
    <TestEntry testId="c7d9af21-c13d-3f44-d683-ae82f4c46e6a" executionId="49bfbdb8-fc96-4689-8e3a-098ba5229bdd" testListId="8c84fa94-04c1-424b-9868-57a2d4851a1d" />
    <TestEntry testId="1b5b757b-7ada-47c0-f76d-2b72a978a2b3" executionId="e773bf59-21ab-4282-aa8e-6cb26f21c1cc" testListId="8c84fa94-04c1-424b-9868-57a2d4851a1d" />
    <TestEntry testId="b4471919-9462-8526-2dad-8b54b25dcca3" executionId="69e5b0a0-b49b-4cf8-9902-e04d4cf267d4" testListId="8c84fa94-04c1-424b-9868-57a2d4851a1d" />
    <TestEntry testId="45007023-d0ee-c53f-db7c-c1b7a78556ab" executionId="9a82b96a-bdc0-4429-9227-000ecc5741ea" testListId="8c84fa94-04c1-424b-9868-57a2d4851a1d" />
    <TestEntry testId="61d912d3-8907-2e97-1d15-1a42194ec184" executionId="08ca8208-0b0d-40d9-8a38-b7f19f59a282" testListId="8c84fa94-04c1-424b-9868-57a2d4851a1d" />
    <TestEntry testId="16d5dd29-4df3-0d7e-2baf-3ce0e88f242d" executionId="d2c6b05a-95a7-4182-920d-a3ce76d8037e" testListId="8c84fa94-04c1-424b-9868-57a2d4851a1d" />
    <TestEntry testId="70c5b899-c250-3962-f461-67365318d622" executionId="6bd50ddf-565f-4287-9fc7-db4fb4f62ab3" testListId="8c84fa94-04c1-424b-9868-57a2d4851a1d" />
    <TestEntry testId="abba90e1-1d66-a7a9-959d-308ea5817443" executionId="709ac85e-2ade-41aa-a932-0bc736ba3aeb" testListId="8c84fa94-04c1-424b-9868-57a2d4851a1d" />
    <TestEntry testId="d42d7079-c9cc-505c-cadd-975302dc1909" executionId="a9ba941f-4a89-4981-84ad-7f3d98a23afe" testListId="8c84fa94-04c1-424b-9868-57a2d4851a1d" />
    <TestEntry testId="c314a670-4d52-83ce-1cee-8589e03dbfa9" executionId="c49e0529-a63b-4835-9f1e-0c8d2c3953e4" testListId="8c84fa94-04c1-424b-9868-57a2d4851a1d" />
    <TestEntry testId="76965c2f-3481-f040-6258-730e6ec88730" executionId="a4fa78ce-376e-4499-9bd1-989c59b96a78" testListId="8c84fa94-04c1-424b-9868-57a2d4851a1d" />
    <TestEntry testId="aebc9ee0-6de2-b3db-3464-4affce0df534" executionId="227186c9-15a8-45a3-b8ca-ab24697af03c" testListId="8c84fa94-04c1-424b-9868-57a2d4851a1d" />
    <TestEntry testId="fb01ef97-7f8d-abda-50de-6bdd78e3d01b" executionId="817feae2-aba9-43cb-8b23-e3d1d35edc89" testListId="8c84fa94-04c1-424b-9868-57a2d4851a1d" />
    <TestEntry testId="f82417fe-1699-d3be-de63-f3a74823bf3b" executionId="1adbc7fd-c0bb-4ca9-b098-40b55edd08c7" testListId="8c84fa94-04c1-424b-9868-57a2d4851a1d" />
    <TestEntry testId="b35827de-cfa8-a3b3-8c79-b8b3f3df5937" executionId="6b208665-f883-4d26-90d0-10380b1dfdb8" testListId="8c84fa94-04c1-424b-9868-57a2d4851a1d" />
    <TestEntry testId="c35b2639-85f8-fdb5-7023-ee76a1844d47" executionId="2369fd45-4cea-4e6b-8914-4c28adf6da59" testListId="8c84fa94-04c1-424b-9868-57a2d4851a1d" />
    <TestEntry testId="ed703782-a202-dfe6-fe85-be00d9d5925d" executionId="2450f79d-45ef-4eea-8a8c-93773b9b4ea5" testListId="8c84fa94-04c1-424b-9868-57a2d4851a1d" />
    <TestEntry testId="2485a47b-c028-7418-dd20-25a97fd5b774" executionId="298c1072-1826-4538-ad81-8723f66eb93b" testListId="8c84fa94-04c1-424b-9868-57a2d4851a1d" />
    <TestEntry testId="fe2c1f2f-036d-b0af-f5df-36dffe5e0f7a" executionId="904aaf8a-818e-413f-8036-da6f1e95a9c4" testListId="8c84fa94-04c1-424b-9868-57a2d4851a1d" />
    <TestEntry testId="cd199a80-1bbe-9dd8-ff7d-5767858c842c" executionId="d9d90c54-ef99-46bc-b060-0b69b9945d47" testListId="8c84fa94-04c1-424b-9868-57a2d4851a1d" />
    <TestEntry testId="3c97b0bf-3e81-606a-e1d8-e8cbe2c2d342" executionId="37e916df-be71-4bb2-a4c8-d75746c509c6" testListId="8c84fa94-04c1-424b-9868-57a2d4851a1d" />
    <TestEntry testId="adcf75dd-6b6e-145b-cdf6-9b134c490276" executionId="45ab53da-8d77-465a-b18a-fdcaaca31cc7" testListId="8c84fa94-04c1-424b-9868-57a2d4851a1d" />
    <TestEntry testId="0e265a66-1a88-fde2-6ef9-f08300ae3f86" executionId="345e4235-2f4f-40bb-b7e0-d6146f335d6f" testListId="8c84fa94-04c1-424b-9868-57a2d4851a1d" />
  </TestEntries>
  <Results>
    <UnitTestResult executionId="e0943ae5-f26c-4ea1-b86e-b4a88415bd4c" testId="dccc6c41-dfc6-657e-5f3b-cddfe2da3048" testName="ChangePasswordGetReturnsView" computerName="MAGIC" duration="00:00:00.0441277" startTime="2010-12-04T00:16:35.7533809-06:00" endTime="2010-12-04T00:16:35.8543867-06:00" testType="13cdc9d9-ddb5-4fa4-a97d-d965ccfc6d4b" outcome="Passed" testListId="8c84fa94-04c1-424b-9868-57a2d4851a1d" relativeResultsDirectory="e0943ae5-f26c-4ea1-b86e-b4a88415bd4c">
    </UnitTestResult>
    <UnitTestResult executionId="36b5cbf5-4acd-44a6-a369-94747cc355d7" testId="fd907f3f-22e5-118a-f380-8d632908eb42" testName="ChangePasswordPostRedirectsOnSuccess" computerName="MAGIC" duration="00:00:00.0068021" startTime="2010-12-04T00:16:35.8563868-06:00" endTime="2010-12-04T00:16:35.8643872-06:00" testType="13cdc9d9-ddb5-4fa4-a97d-d965ccfc6d4b" outcome="Passed" testListId="8c84fa94-04c1-424b-9868-57a2d4851a1d" relativeResultsDirectory="36b5cbf5-4acd-44a6-a369-94747cc355d7">
    </UnitTestResult>
    <UnitTestResult executionId="49bfbdb8-fc96-4689-8e3a-098ba5229bdd" testId="c7d9af21-c13d-3f44-d683-ae82f4c46e6a" testName="ChangePasswordPostReturnsViewIfCurrentPasswordNotSpecified" computerName="MAGIC" duration="00:00:00.0024983" startTime="2010-12-04T00:16:35.8653873-06:00" endTime="2010-12-04T00:16:35.8683875-06:00" testType="13cdc9d9-ddb5-4fa4-a97d-d965ccfc6d4b" outcome="Passed" testListId="8c84fa94-04c1-424b-9868-57a2d4851a1d" relativeResultsDirectory="49bfbdb8-fc96-4689-8e3a-098ba5229bdd">
    </UnitTestResult>
    <UnitTestResult executionId="e773bf59-21ab-4282-aa8e-6cb26f21c1cc" testId="1b5b757b-7ada-47c0-f76d-2b72a978a2b3" testName="ChangePasswordPostReturnsViewIfNewPasswordDoesNotMatchConfirmPassword" computerName="MAGIC" duration="00:00:00.0003039" startTime="2010-12-04T00:16:35.8693875-06:00" endTime="2010-12-04T00:16:35.8703876-06:00" testType="13cdc9d9-ddb5-4fa4-a97d-d965ccfc6d4b" outcome="Passed" testListId="8c84fa94-04c1-424b-9868-57a2d4851a1d" relativeResultsDirectory="e773bf59-21ab-4282-aa8e-6cb26f21c1cc">
    </UnitTestResult>
    <UnitTestResult executionId="69e5b0a0-b49b-4cf8-9902-e04d4cf267d4" testId="b4471919-9462-8526-2dad-8b54b25dcca3" testName="ChangePasswordPostReturnsViewIfNewPasswordIsNull" computerName="MAGIC" duration="00:00:00.0002936" startTime="2010-12-04T00:16:35.8713876-06:00" endTime="2010-12-04T00:16:35.8713876-06:00" testType="13cdc9d9-ddb5-4fa4-a97d-d965ccfc6d4b" outcome="Passed" testListId="8c84fa94-04c1-424b-9868-57a2d4851a1d" relativeResultsDirectory="69e5b0a0-b49b-4cf8-9902-e04d4cf267d4">
    </UnitTestResult>
    <UnitTestResult executionId="9a82b96a-bdc0-4429-9227-000ecc5741ea" testId="45007023-d0ee-c53f-db7c-c1b7a78556ab" testName="ChangePasswordPostReturnsViewIfNewPasswordIsTooShort" computerName="MAGIC" duration="00:00:00.0003100" startTime="2010-12-04T00:16:35.8723877-06:00" endTime="2010-12-04T00:16:35.8733877-06:00" testType="13cdc9d9-ddb5-4fa4-a97d-d965ccfc6d4b" outcome="Passed" testListId="8c84fa94-04c1-424b-9868-57a2d4851a1d" relativeResultsDirectory="9a82b96a-bdc0-4429-9227-000ecc5741ea">
    </UnitTestResult>
    <UnitTestResult executionId="08ca8208-0b0d-40d9-8a38-b7f19f59a282" testId="61d912d3-8907-2e97-1d15-1a42194ec184" testName="ChangePasswordPostReturnsViewIfProviderRejectsPassword" computerName="MAGIC" duration="00:00:00.0003254" startTime="2010-12-04T00:16:35.8743878-06:00" endTime="2010-12-04T00:16:35.8763879-06:00" testType="13cdc9d9-ddb5-4fa4-a97d-d965ccfc6d4b" outcome="Passed" testListId="8c84fa94-04c1-424b-9868-57a2d4851a1d" relativeResultsDirectory="08ca8208-0b0d-40d9-8a38-b7f19f59a282">
    </UnitTestResult>
    <UnitTestResult executionId="d2c6b05a-95a7-4182-920d-a3ce76d8037e" testId="16d5dd29-4df3-0d7e-2baf-3ce0e88f242d" testName="ChangePasswordSuccess" computerName="MAGIC" duration="00:00:00.0003981" startTime="2010-12-04T00:16:35.8783880-06:00" endTime="2010-12-04T00:16:35.8793881-06:00" testType="13cdc9d9-ddb5-4fa4-a97d-d965ccfc6d4b" outcome="Passed" testListId="8c84fa94-04c1-424b-9868-57a2d4851a1d" relativeResultsDirectory="d2c6b05a-95a7-4182-920d-a3ce76d8037e">
    </UnitTestResult>
    <UnitTestResult executionId="6bd50ddf-565f-4287-9fc7-db4fb4f62ab3" testId="70c5b899-c250-3962-f461-67365318d622" testName="ConstructorSetsProperties" computerName="MAGIC" duration="00:00:00.0852426" startTime="2010-12-04T00:16:35.8803881-06:00" endTime="2010-12-04T00:16:35.9663931-06:00" testType="13cdc9d9-ddb5-4fa4-a97d-d965ccfc6d4b" outcome="Passed" testListId="8c84fa94-04c1-424b-9868-57a2d4851a1d" relativeResultsDirectory="6bd50ddf-565f-4287-9fc7-db4fb4f62ab3">
    </UnitTestResult>
    <UnitTestResult executionId="709ac85e-2ade-41aa-a932-0bc736ba3aeb" testId="abba90e1-1d66-a7a9-959d-308ea5817443" testName="ConstructorSetsPropertiesToDefaultValues" computerName="MAGIC" duration="00:00:00.0003445" startTime="2010-12-04T00:16:35.9673931-06:00" endTime="2010-12-04T00:16:35.9683932-06:00" testType="13cdc9d9-ddb5-4fa4-a97d-d965ccfc6d4b" outcome="Passed" testListId="8c84fa94-04c1-424b-9868-57a2d4851a1d" relativeResultsDirectory="709ac85e-2ade-41aa-a932-0bc736ba3aeb">
    </UnitTestResult>
    <UnitTestResult executionId="a9ba941f-4a89-4981-84ad-7f3d98a23afe" testId="d42d7079-c9cc-505c-cadd-975302dc1909" testName="LoginGet" computerName="MAGIC" duration="00:00:00.0004138" startTime="2010-12-04T00:16:35.9703933-06:00" endTime="2010-12-04T00:16:35.9713933-06:00" testType="13cdc9d9-ddb5-4fa4-a97d-d965ccfc6d4b" outcome="Passed" testListId="8c84fa94-04c1-424b-9868-57a2d4851a1d" relativeResultsDirectory="a9ba941f-4a89-4981-84ad-7f3d98a23afe">
    </UnitTestResult>
    <UnitTestResult executionId="c49e0529-a63b-4835-9f1e-0c8d2c3953e4" testId="c314a670-4d52-83ce-1cee-8589e03dbfa9" testName="LoginPostRedirectsHomeIfLoginSuccessfulButNoReturnUrlGiven" computerName="MAGIC" duration="00:00:00.0009873" startTime="2010-12-04T00:16:35.9723934-06:00" endTime="2010-12-04T00:16:35.9743935-06:00" testType="13cdc9d9-ddb5-4fa4-a97d-d965ccfc6d4b" outcome="Passed" testListId="8c84fa94-04c1-424b-9868-57a2d4851a1d" relativeResultsDirectory="c49e0529-a63b-4835-9f1e-0c8d2c3953e4">
    </UnitTestResult>
    <UnitTestResult executionId="a4fa78ce-376e-4499-9bd1-989c59b96a78" testId="76965c2f-3481-f040-6258-730e6ec88730" testName="LoginPostRedirectsToReturnUrlIfLoginSuccessfulAndReturnUrlGiven" computerName="MAGIC" duration="00:00:00.0008774" startTime="2010-12-04T00:16:35.9753936-06:00" endTime="2010-12-04T00:16:35.9773937-06:00" testType="13cdc9d9-ddb5-4fa4-a97d-d965ccfc6d4b" outcome="Passed" testListId="8c84fa94-04c1-424b-9868-57a2d4851a1d" relativeResultsDirectory="a4fa78ce-376e-4499-9bd1-989c59b96a78">
    </UnitTestResult>
    <UnitTestResult executionId="227186c9-15a8-45a3-b8ca-ab24697af03c" testId="aebc9ee0-6de2-b3db-3464-4affce0df534" testName="LoginPostReturnsViewIfPasswordNotSpecified" computerName="MAGIC" duration="00:00:00.0002492" startTime="2010-12-04T00:16:35.9773937-06:00" endTime="2010-12-04T00:16:35.9783937-06:00" testType="13cdc9d9-ddb5-4fa4-a97d-d965ccfc6d4b" outcome="Passed" testListId="8c84fa94-04c1-424b-9868-57a2d4851a1d" relativeResultsDirectory="227186c9-15a8-45a3-b8ca-ab24697af03c">
    </UnitTestResult>
    <UnitTestResult executionId="817feae2-aba9-43cb-8b23-e3d1d35edc89" testId="fb01ef97-7f8d-abda-50de-6bdd78e3d01b" testName="LoginPostReturnsViewIfUsernameNotSpecified" computerName="MAGIC" duration="00:00:00.0002675" startTime="2010-12-04T00:16:35.9793938-06:00" endTime="2010-12-04T00:16:35.9803939-06:00" testType="13cdc9d9-ddb5-4fa4-a97d-d965ccfc6d4b" outcome="Passed" testListId="8c84fa94-04c1-424b-9868-57a2d4851a1d" relativeResultsDirectory="817feae2-aba9-43cb-8b23-e3d1d35edc89">
    </UnitTestResult>
    <UnitTestResult executionId="1adbc7fd-c0bb-4ca9-b098-40b55edd08c7" testId="f82417fe-1699-d3be-de63-f3a74823bf3b" testName="LoginPostReturnsViewIfUsernameOrPasswordIsIncorrect" computerName="MAGIC" duration="00:00:00.0002346" startTime="2010-12-04T00:16:35.9823940-06:00" endTime="2010-12-04T00:16:35.9833940-06:00" testType="13cdc9d9-ddb5-4fa4-a97d-d965ccfc6d4b" outcome="Passed" testListId="8c84fa94-04c1-424b-9868-57a2d4851a1d" relativeResultsDirectory="1adbc7fd-c0bb-4ca9-b098-40b55edd08c7">
    </UnitTestResult>
    <UnitTestResult executionId="6b208665-f883-4d26-90d0-10380b1dfdb8" testId="b35827de-cfa8-a3b3-8c79-b8b3f3df5937" testName="LogOff" computerName="MAGIC" duration="00:00:00.0004257" startTime="2010-12-04T00:16:35.9843941-06:00" endTime="2010-12-04T00:16:35.9853941-06:00" testType="13cdc9d9-ddb5-4fa4-a97d-d965ccfc6d4b" outcome="Passed" testListId="8c84fa94-04c1-424b-9868-57a2d4851a1d" relativeResultsDirectory="6b208665-f883-4d26-90d0-10380b1dfdb8">
    </UnitTestResult>
    <UnitTestResult executionId="2369fd45-4cea-4e6b-8914-4c28adf6da59" testId="c35b2639-85f8-fdb5-7023-ee76a1844d47" testName="RegisterGet" computerName="MAGIC" duration="00:00:00.0003969" startTime="2010-12-04T00:16:35.9853941-06:00" endTime="2010-12-04T00:16:35.9863942-06:00" testType="13cdc9d9-ddb5-4fa4-a97d-d965ccfc6d4b" outcome="Passed" testListId="8c84fa94-04c1-424b-9868-57a2d4851a1d" relativeResultsDirectory="2369fd45-4cea-4e6b-8914-4c28adf6da59">
    </UnitTestResult>
    <UnitTestResult executionId="2450f79d-45ef-4eea-8a8c-93773b9b4ea5" testId="ed703782-a202-dfe6-fe85-be00d9d5925d" testName="RegisterPostRedirectsHomeIfRegistrationSuccessful" computerName="MAGIC" duration="00:00:00.0017150" startTime="2010-12-04T00:16:35.9873943-06:00" endTime="2010-12-04T00:16:35.9903944-06:00" testType="13cdc9d9-ddb5-4fa4-a97d-d965ccfc6d4b" outcome="Passed" testListId="8c84fa94-04c1-424b-9868-57a2d4851a1d" relativeResultsDirectory="2450f79d-45ef-4eea-8a8c-93773b9b4ea5">
    </UnitTestResult>
    <UnitTestResult executionId="298c1072-1826-4538-ad81-8723f66eb93b" testId="2485a47b-c028-7418-dd20-25a97fd5b774" testName="RegisterPostReturnsViewIfEmailNotSpecified" computerName="MAGIC" duration="00:00:00.0002959" startTime="2010-12-04T00:16:35.9913945-06:00" endTime="2010-12-04T00:16:35.9923945-06:00" testType="13cdc9d9-ddb5-4fa4-a97d-d965ccfc6d4b" outcome="Passed" testListId="8c84fa94-04c1-424b-9868-57a2d4851a1d" relativeResultsDirectory="298c1072-1826-4538-ad81-8723f66eb93b">
    </UnitTestResult>
    <UnitTestResult executionId="904aaf8a-818e-413f-8036-da6f1e95a9c4" testId="fe2c1f2f-036d-b0af-f5df-36dffe5e0f7a" testName="RegisterPostReturnsViewIfNewPasswordDoesNotMatchConfirmPassword" computerName="MAGIC" duration="00:00:00.0005922" startTime="2010-12-04T00:16:35.9943947-06:00" endTime="2010-12-04T00:16:35.9953947-06:00" testType="13cdc9d9-ddb5-4fa4-a97d-d965ccfc6d4b" outcome="Passed" testListId="8c84fa94-04c1-424b-9868-57a2d4851a1d" relativeResultsDirectory="904aaf8a-818e-413f-8036-da6f1e95a9c4">
    </UnitTestResult>
    <UnitTestResult executionId="d9d90c54-ef99-46bc-b060-0b69b9945d47" testId="cd199a80-1bbe-9dd8-ff7d-5767858c842c" testName="RegisterPostReturnsViewIfPasswordIsNull" computerName="MAGIC" duration="00:00:00.0003039" startTime="2010-12-04T00:16:35.9963948-06:00" endTime="2010-12-04T00:16:35.9973948-06:00" testType="13cdc9d9-ddb5-4fa4-a97d-d965ccfc6d4b" outcome="Passed" testListId="8c84fa94-04c1-424b-9868-57a2d4851a1d" relativeResultsDirectory="d9d90c54-ef99-46bc-b060-0b69b9945d47">
    </UnitTestResult>
    <UnitTestResult executionId="37e916df-be71-4bb2-a4c8-d75746c509c6" testId="3c97b0bf-3e81-606a-e1d8-e8cbe2c2d342" testName="RegisterPostReturnsViewIfPasswordIsTooShort" computerName="MAGIC" duration="00:00:00.0007767" startTime="2010-12-04T00:16:35.9983949-06:00" endTime="2010-12-04T00:16:36.0003950-06:00" testType="13cdc9d9-ddb5-4fa4-a97d-d965ccfc6d4b" outcome="Passed" testListId="8c84fa94-04c1-424b-9868-57a2d4851a1d" relativeResultsDirectory="37e916df-be71-4bb2-a4c8-d75746c509c6">
    </UnitTestResult>
    <UnitTestResult executionId="45ab53da-8d77-465a-b18a-fdcaaca31cc7" testId="adcf75dd-6b6e-145b-cdf6-9b134c490276" testName="RegisterPostReturnsViewIfRegistrationFails" computerName="MAGIC" duration="00:00:00.0004398" startTime="2010-12-04T00:16:36.0013951-06:00" endTime="2010-12-04T00:16:36.0033952-06:00" testType="13cdc9d9-ddb5-4fa4-a97d-d965ccfc6d4b" outcome="Passed" testListId="8c84fa94-04c1-424b-9868-57a2d4851a1d" relativeResultsDirectory="45ab53da-8d77-465a-b18a-fdcaaca31cc7">
    </UnitTestResult>
    <UnitTestResult executionId="345e4235-2f4f-40bb-b7e0-d6146f335d6f" testId="0e265a66-1a88-fde2-6ef9-f08300ae3f86" testName="RegisterPostReturnsViewIfUsernameNotSpecified" computerName="MAGIC" duration="00:00:00.0003032" startTime="2010-12-04T00:16:36.0053953-06:00" endTime="2010-12-04T00:16:36.0053953-06:00" testType="13cdc9d9-ddb5-4fa4-a97d-d965ccfc6d4b" outcome="Passed" testListId="8c84fa94-04c1-424b-9868-57a2d4851a1d" relativeResultsDirectory="345e4235-2f4f-40bb-b7e0-d6146f335d6f">
    </UnitTestResult>
  </Results>
</TestRun>