<?xml version="1.0" encoding="UTF-8"?>
<TestRun id="2602a053-1124-44e4-aa83-46d9440615c1" name="baskint@MAGIC 2010-12-04 00:17:19" runUser="TAPKAN\baskint" xmlns="http://microsoft.com/schemas/VisualStudio/TeamTest/2010">
  <TestSettings name="Default Test Settings" id="35b6c0d1-27b1-4f68-8f90-68816a12d710">
    <Execution>
      <TestTypeSpecific />
      <AgentRule name="Execution Agents">
      </AgentRule>
    </Execution>
    <Deployment runDeploymentRoot="baskint_MAGIC 2010-12-04 00_17_19" />
  </TestSettings>
  <Times creation="2010-12-04T00:17:19.5878881-06:00" queuing="2010-12-04T00:17:20.0339136-06:00" start="2010-12-04T00:17:20.1969229-06:00" finish="2010-12-04T00:17:20.4969401-06:00" />
  <ResultSummary outcome="Completed">
    <Counters total="26" executed="26" passed="26" error="0" failed="0" timeout="0" aborted="0" inconclusive="0" passedButRunAborted="0" notRunnable="0" notExecuted="0" disconnected="0" warning="0" completed="0" inProgress="0" pending="0" />
  </ResultSummary>
  <TestDefinitions>
    <UnitTest name="ChangePasswordSuccess" storage="c:\users\baskint\documents\visual studio 2010\projects\boardsports\boardsports.tests\bin\debug\boardsports.tests.dll" id="16d5dd29-4df3-0d7e-2baf-3ce0e88f242d">
      <Execution timeOut="1800000" id="4c429220-34e4-417b-8cb0-d837e72e98b9" />
      <TestMethod codeBase="C:/Users/baskint/Documents/Visual Studio 2010/Projects/BoardSports/BoardSports.Tests/bin/Debug/BoardSports.Tests.DLL" adapterTypeName="Microsoft.VisualStudio.TestTools.TestTypes.Unit.UnitTestAdapter, Microsoft.VisualStudio.QualityTools.Tips.UnitTest.Adapter, Version=10.0.0.0, Culture=neutral, PublicKeyToken=b03f5f7f11d50a3a" className="BoardSports.Tests.Controllers.AccountControllerTest, BoardSports.Tests, Version=1.0.0.0, Culture=neutral, PublicKeyToken=null" name="ChangePasswordSuccess" />
    </UnitTest>
    <UnitTest name="ChangePasswordPostRedirectsOnSuccess" storage="c:\users\baskint\documents\visual studio 2010\projects\boardsports\boardsports.tests\bin\debug\boardsports.tests.dll" id="fd907f3f-22e5-118a-f380-8d632908eb42">
      <Execution timeOut="1800000" id="06741e18-92c6-449d-9f4a-b4e0947077ce" />
      <TestMethod codeBase="C:/Users/baskint/Documents/Visual Studio 2010/Projects/BoardSports/BoardSports.Tests/bin/Debug/BoardSports.Tests.DLL" adapterTypeName="Microsoft.VisualStudio.TestTools.TestTypes.Unit.UnitTestAdapter, Microsoft.VisualStudio.QualityTools.Tips.UnitTest.Adapter, Version=10.0.0.0, Culture=neutral, PublicKeyToken=b03f5f7f11d50a3a" className="BoardSports.Tests.Controllers.AccountControllerTest, BoardSports.Tests, Version=1.0.0.0, Culture=neutral, PublicKeyToken=null" name="ChangePasswordPostRedirectsOnSuccess" />
    </UnitTest>
    <UnitTest name="RegisterPostReturnsViewIfNewPasswordDoesNotMatchConfirmPassword" storage="c:\users\baskint\documents\visual studio 2010\projects\boardsports\boardsports.tests\bin\debug\boardsports.tests.dll" id="fe2c1f2f-036d-b0af-f5df-36dffe5e0f7a">
      <Execution timeOut="1800000" id="e7149d62-02dc-4cd7-9d6b-bc32b9508075" />
      <TestMethod codeBase="C:/Users/baskint/Documents/Visual Studio 2010/Projects/BoardSports/BoardSports.Tests/bin/Debug/BoardSports.Tests.DLL" adapterTypeName="Microsoft.VisualStudio.TestTools.TestTypes.Unit.UnitTestAdapter, Microsoft.VisualStudio.QualityTools.Tips.UnitTest.Adapter, Version=10.0.0.0, Culture=neutral, PublicKeyToken=b03f5f7f11d50a3a" className="BoardSports.Tests.Controllers.AccountControllerTest, BoardSports.Tests, Version=1.0.0.0, Culture=neutral, PublicKeyToken=null" name="RegisterPostReturnsViewIfNewPasswordDoesNotMatchConfirmPassword" />
    </UnitTest>
    <UnitTest name="ChangePasswordPostReturnsViewIfNewPasswordDoesNotMatchConfirmPassword" storage="c:\users\baskint\documents\visual studio 2010\projects\boardsports\boardsports.tests\bin\debug\boardsports.tests.dll" id="1b5b757b-7ada-47c0-f76d-2b72a978a2b3">
      <Execution timeOut="1800000" id="5f10251f-0fc3-4f18-ba22-2c9a6a2ae42f" />
      <TestMethod codeBase="C:/Users/baskint/Documents/Visual Studio 2010/Projects/BoardSports/BoardSports.Tests/bin/Debug/BoardSports.Tests.DLL" adapterTypeName="Microsoft.VisualStudio.TestTools.TestTypes.Unit.UnitTestAdapter, Microsoft.VisualStudio.QualityTools.Tips.UnitTest.Adapter, Version=10.0.0.0, Culture=neutral, PublicKeyToken=b03f5f7f11d50a3a" className="BoardSports.Tests.Controllers.AccountControllerTest, BoardSports.Tests, Version=1.0.0.0, Culture=neutral, PublicKeyToken=null" name="ChangePasswordPostReturnsViewIfNewPasswordDoesNotMatchConfirmPassword" />
    </UnitTest>
    <UnitTest name="LoginGet" storage="c:\users\baskint\documents\visual studio 2010\projects\boardsports\boardsports.tests\bin\debug\boardsports.tests.dll" id="d42d7079-c9cc-505c-cadd-975302dc1909">
      <Execution timeOut="1800000" id="c1fc7506-f14e-4687-9cea-9ff2f7a7b0cd" />
      <TestMethod codeBase="C:/Users/baskint/Documents/Visual Studio 2010/Projects/BoardSports/BoardSports.Tests/bin/Debug/BoardSports.Tests.DLL" adapterTypeName="Microsoft.VisualStudio.TestTools.TestTypes.Unit.UnitTestAdapter, Microsoft.VisualStudio.QualityTools.Tips.UnitTest.Adapter, Version=10.0.0.0, Culture=neutral, PublicKeyToken=b03f5f7f11d50a3a" className="BoardSports.Tests.Controllers.AccountControllerTest, BoardSports.Tests, Version=1.0.0.0, Culture=neutral, PublicKeyToken=null" name="LoginGet" />
    </UnitTest>
    <UnitTest name="ConstructorSetsProperties" storage="c:\users\baskint\documents\visual studio 2010\projects\boardsports\boardsports.tests\bin\debug\boardsports.tests.dll" id="70c5b899-c250-3962-f461-67365318d622">
      <Execution timeOut="1800000" id="955d83cd-dde3-4ad4-9e3c-5bfe48589f4f" />
      <TestMethod codeBase="C:/Users/baskint/Documents/Visual Studio 2010/Projects/BoardSports/BoardSports.Tests/bin/Debug/BoardSports.Tests.DLL" adapterTypeName="Microsoft.VisualStudio.TestTools.TestTypes.Unit.UnitTestAdapter, Microsoft.VisualStudio.QualityTools.Tips.UnitTest.Adapter, Version=10.0.0.0, Culture=neutral, PublicKeyToken=b03f5f7f11d50a3a" className="BoardSports.Tests.Controllers.AccountControllerTest, BoardSports.Tests, Version=1.0.0.0, Culture=neutral, PublicKeyToken=null" name="ConstructorSetsProperties" />
    </UnitTest>
    <UnitTest name="LoginPostReturnsViewIfPasswordNotSpecified" storage="c:\users\baskint\documents\visual studio 2010\projects\boardsports\boardsports.tests\bin\debug\boardsports.tests.dll" id="aebc9ee0-6de2-b3db-3464-4affce0df534">
      <Execution timeOut="1800000" id="4159a91b-73e9-463e-a0a8-0e49a2f8ba37" />
      <TestMethod codeBase="C:/Users/baskint/Documents/Visual Studio 2010/Projects/BoardSports/BoardSports.Tests/bin/Debug/BoardSports.Tests.DLL" adapterTypeName="Microsoft.VisualStudio.TestTools.TestTypes.Unit.UnitTestAdapter, Microsoft.VisualStudio.QualityTools.Tips.UnitTest.Adapter, Version=10.0.0.0, Culture=neutral, PublicKeyToken=b03f5f7f11d50a3a" className="BoardSports.Tests.Controllers.AccountControllerTest, BoardSports.Tests, Version=1.0.0.0, Culture=neutral, PublicKeyToken=null" name="LoginPostReturnsViewIfPasswordNotSpecified" />
    </UnitTest>
    <UnitTest name="RegisterPostReturnsViewIfRegistrationFails" storage="c:\users\baskint\documents\visual studio 2010\projects\boardsports\boardsports.tests\bin\debug\boardsports.tests.dll" id="adcf75dd-6b6e-145b-cdf6-9b134c490276">
      <Execution timeOut="1800000" id="6bb1254e-6717-462f-9d41-4a32dfa68fcd" />
      <TestMethod codeBase="C:/Users/baskint/Documents/Visual Studio 2010/Projects/BoardSports/BoardSports.Tests/bin/Debug/BoardSports.Tests.DLL" adapterTypeName="Microsoft.VisualStudio.TestTools.TestTypes.Unit.UnitTestAdapter, Microsoft.VisualStudio.QualityTools.Tips.UnitTest.Adapter, Version=10.0.0.0, Culture=neutral, PublicKeyToken=b03f5f7f11d50a3a" className="BoardSports.Tests.Controllers.AccountControllerTest, BoardSports.Tests, Version=1.0.0.0, Culture=neutral, PublicKeyToken=null" name="RegisterPostReturnsViewIfRegistrationFails" />
    </UnitTest>
    <UnitTest name="ChangePasswordPostReturnsViewIfNewPasswordIsNull" storage="c:\users\baskint\documents\visual studio 2010\projects\boardsports\boardsports.tests\bin\debug\boardsports.tests.dll" id="b4471919-9462-8526-2dad-8b54b25dcca3">
      <Execution timeOut="1800000" id="eb2b8240-ef96-4782-9987-ed5657a3c11e" />
      <TestMethod codeBase="C:/Users/baskint/Documents/Visual Studio 2010/Projects/BoardSports/BoardSports.Tests/bin/Debug/BoardSports.Tests.DLL" adapterTypeName="Microsoft.VisualStudio.TestTools.TestTypes.Unit.UnitTestAdapter, Microsoft.VisualStudio.QualityTools.Tips.UnitTest.Adapter, Version=10.0.0.0, Culture=neutral, PublicKeyToken=b03f5f7f11d50a3a" className="BoardSports.Tests.Controllers.AccountControllerTest, BoardSports.Tests, Version=1.0.0.0, Culture=neutral, PublicKeyToken=null" name="ChangePasswordPostReturnsViewIfNewPasswordIsNull" />
    </UnitTest>
    <UnitTest name="ConstructorSetsPropertiesToDefaultValues" storage="c:\users\baskint\documents\visual studio 2010\projects\boardsports\boardsports.tests\bin\debug\boardsports.tests.dll" id="abba90e1-1d66-a7a9-959d-308ea5817443">
      <Execution timeOut="1800000" id="19944a80-d706-47ba-861e-f41d11512c44" />
      <TestMethod codeBase="C:/Users/baskint/Documents/Visual Studio 2010/Projects/BoardSports/BoardSports.Tests/bin/Debug/BoardSports.Tests.DLL" adapterTypeName="Microsoft.VisualStudio.TestTools.TestTypes.Unit.UnitTestAdapter, Microsoft.VisualStudio.QualityTools.Tips.UnitTest.Adapter, Version=10.0.0.0, Culture=neutral, PublicKeyToken=b03f5f7f11d50a3a" className="BoardSports.Tests.Controllers.AccountControllerTest, BoardSports.Tests, Version=1.0.0.0, Culture=neutral, PublicKeyToken=null" name="ConstructorSetsPropertiesToDefaultValues" />
    </UnitTest>
    <UnitTest name="ChangePasswordPostReturnsViewIfProviderRejectsPassword" storage="c:\users\baskint\documents\visual studio 2010\projects\boardsports\boardsports.tests\bin\debug\boardsports.tests.dll" id="61d912d3-8907-2e97-1d15-1a42194ec184">
      <Execution timeOut="1800000" id="e89c2c90-d2aa-4883-b3bf-ad7edf522598" />
      <TestMethod codeBase="C:/Users/baskint/Documents/Visual Studio 2010/Projects/BoardSports/BoardSports.Tests/bin/Debug/BoardSports.Tests.DLL" adapterTypeName="Microsoft.VisualStudio.TestTools.TestTypes.Unit.UnitTestAdapter, Microsoft.VisualStudio.QualityTools.Tips.UnitTest.Adapter, Version=10.0.0.0, Culture=neutral, PublicKeyToken=b03f5f7f11d50a3a" className="BoardSports.Tests.Controllers.AccountControllerTest, BoardSports.Tests, Version=1.0.0.0, Culture=neutral, PublicKeyToken=null" name="ChangePasswordPostReturnsViewIfProviderRejectsPassword" />
    </UnitTest>
    <UnitTest name="RegisterPostReturnsViewIfEmailNotSpecified" storage="c:\users\baskint\documents\visual studio 2010\projects\boardsports\boardsports.tests\bin\debug\boardsports.tests.dll" id="2485a47b-c028-7418-dd20-25a97fd5b774">
      <Execution timeOut="1800000" id="5db5bf9f-1af4-436d-92b3-7811a8e5bbd0" />
      <TestMethod codeBase="C:/Users/baskint/Documents/Visual Studio 2010/Projects/BoardSports/BoardSports.Tests/bin/Debug/BoardSports.Tests.DLL" adapterTypeName="Microsoft.VisualStudio.TestTools.TestTypes.Unit.UnitTestAdapter, Microsoft.VisualStudio.QualityTools.Tips.UnitTest.Adapter, Version=10.0.0.0, Culture=neutral, PublicKeyToken=b03f5f7f11d50a3a" className="BoardSports.Tests.Controllers.AccountControllerTest, BoardSports.Tests, Version=1.0.0.0, Culture=neutral, PublicKeyToken=null" name="RegisterPostReturnsViewIfEmailNotSpecified" />
    </UnitTest>
    <UnitTest name="RegisterPostReturnsViewIfPasswordIsTooShort" storage="c:\users\baskint\documents\visual studio 2010\projects\boardsports\boardsports.tests\bin\debug\boardsports.tests.dll" id="3c97b0bf-3e81-606a-e1d8-e8cbe2c2d342">
      <Execution timeOut="1800000" id="5e9991c6-582a-4146-8273-fb35dc7f2ad9" />
      <TestMethod codeBase="C:/Users/baskint/Documents/Visual Studio 2010/Projects/BoardSports/BoardSports.Tests/bin/Debug/BoardSports.Tests.DLL" adapterTypeName="Microsoft.VisualStudio.TestTools.TestTypes.Unit.UnitTestAdapter, Microsoft.VisualStudio.QualityTools.Tips.UnitTest.Adapter, Version=10.0.0.0, Culture=neutral, PublicKeyToken=b03f5f7f11d50a3a" className="BoardSports.Tests.Controllers.AccountControllerTest, BoardSports.Tests, Version=1.0.0.0, Culture=neutral, PublicKeyToken=null" name="RegisterPostReturnsViewIfPasswordIsTooShort" />
    </UnitTest>
    <UnitTest name="RegisterGet" storage="c:\users\baskint\documents\visual studio 2010\projects\boardsports\boardsports.tests\bin\debug\boardsports.tests.dll" id="c35b2639-85f8-fdb5-7023-ee76a1844d47">
      <Execution timeOut="1800000" id="4ffb15d1-7137-4217-908a-51ee3991e32c" />
      <TestMethod codeBase="C:/Users/baskint/Documents/Visual Studio 2010/Projects/BoardSports/BoardSports.Tests/bin/Debug/BoardSports.Tests.DLL" adapterTypeName="Microsoft.VisualStudio.TestTools.TestTypes.Unit.UnitTestAdapter, Microsoft.VisualStudio.QualityTools.Tips.UnitTest.Adapter, Version=10.0.0.0, Culture=neutral, PublicKeyToken=b03f5f7f11d50a3a" className="BoardSports.Tests.Controllers.AccountControllerTest, BoardSports.Tests, Version=1.0.0.0, Culture=neutral, PublicKeyToken=null" name="RegisterGet" />
    </UnitTest>
    <UnitTest name="RegisterPostReturnsViewIfPasswordIsNull" storage="c:\users\baskint\documents\visual studio 2010\projects\boardsports\boardsports.tests\bin\debug\boardsports.tests.dll" id="cd199a80-1bbe-9dd8-ff7d-5767858c842c">
      <Execution timeOut="1800000" id="216d5900-653b-4331-837a-17a1d49b6781" />
      <TestMethod codeBase="C:/Users/baskint/Documents/Visual Studio 2010/Projects/BoardSports/BoardSports.Tests/bin/Debug/BoardSports.Tests.DLL" adapterTypeName="Microsoft.VisualStudio.TestTools.TestTypes.Unit.UnitTestAdapter, Microsoft.VisualStudio.QualityTools.Tips.UnitTest.Adapter, Version=10.0.0.0, Culture=neutral, PublicKeyToken=b03f5f7f11d50a3a" className="BoardSports.Tests.Controllers.AccountControllerTest, BoardSports.Tests, Version=1.0.0.0, Culture=neutral, PublicKeyToken=null" name="RegisterPostReturnsViewIfPasswordIsNull" />
    </UnitTest>
    <UnitTest name="RegisterPostReturnsViewIfUsernameNotSpecified" storage="c:\users\baskint\documents\visual studio 2010\projects\boardsports\boardsports.tests\bin\debug\boardsports.tests.dll" id="0e265a66-1a88-fde2-6ef9-f08300ae3f86">
      <Execution timeOut="1800000" id="8930ed15-3ec5-4a05-80a1-78f47eda04b4" />
      <TestMethod codeBase="C:/Users/baskint/Documents/Visual Studio 2010/Projects/BoardSports/BoardSports.Tests/bin/Debug/BoardSports.Tests.DLL" adapterTypeName="Microsoft.VisualStudio.TestTools.TestTypes.Unit.UnitTestAdapter, Microsoft.VisualStudio.QualityTools.Tips.UnitTest.Adapter, Version=10.0.0.0, Culture=neutral, PublicKeyToken=b03f5f7f11d50a3a" className="BoardSports.Tests.Controllers.AccountControllerTest, BoardSports.Tests, Version=1.0.0.0, Culture=neutral, PublicKeyToken=null" name="RegisterPostReturnsViewIfUsernameNotSpecified" />
    </UnitTest>
    <UnitTest name="LoginPostReturnsViewIfUsernameOrPasswordIsIncorrect" storage="c:\users\baskint\documents\visual studio 2010\projects\boardsports\boardsports.tests\bin\debug\boardsports.tests.dll" id="f82417fe-1699-d3be-de63-f3a74823bf3b">
      <Execution timeOut="1800000" id="3992f7ad-08b5-4eee-a58b-1925a44dfd92" />
      <TestMethod codeBase="C:/Users/baskint/Documents/Visual Studio 2010/Projects/BoardSports/BoardSports.Tests/bin/Debug/BoardSports.Tests.DLL" adapterTypeName="Microsoft.VisualStudio.TestTools.TestTypes.Unit.UnitTestAdapter, Microsoft.VisualStudio.QualityTools.Tips.UnitTest.Adapter, Version=10.0.0.0, Culture=neutral, PublicKeyToken=b03f5f7f11d50a3a" className="BoardSports.Tests.Controllers.AccountControllerTest, BoardSports.Tests, Version=1.0.0.0, Culture=neutral, PublicKeyToken=null" name="LoginPostReturnsViewIfUsernameOrPasswordIsIncorrect" />
    </UnitTest>
    <UnitTest name="LoginPostRedirectsHomeIfLoginSuccessfulButNoReturnUrlGiven" storage="c:\users\baskint\documents\visual studio 2010\projects\boardsports\boardsports.tests\bin\debug\boardsports.tests.dll" id="c314a670-4d52-83ce-1cee-8589e03dbfa9">
      <Execution timeOut="1800000" id="505266be-c7f8-4230-8aa7-bdeab92cbb2f" />
      <TestMethod codeBase="C:/Users/baskint/Documents/Visual Studio 2010/Projects/BoardSports/BoardSports.Tests/bin/Debug/BoardSports.Tests.DLL" adapterTypeName="Microsoft.VisualStudio.TestTools.TestTypes.Unit.UnitTestAdapter, Microsoft.VisualStudio.QualityTools.Tips.UnitTest.Adapter, Version=10.0.0.0, Culture=neutral, PublicKeyToken=b03f5f7f11d50a3a" className="BoardSports.Tests.Controllers.AccountControllerTest, BoardSports.Tests, Version=1.0.0.0, Culture=neutral, PublicKeyToken=null" name="LoginPostRedirectsHomeIfLoginSuccessfulButNoReturnUrlGiven" />
    </UnitTest>
    <UnitTest name="ChangePasswordGetReturnsView" storage="c:\users\baskint\documents\visual studio 2010\projects\boardsports\boardsports.tests\bin\debug\boardsports.tests.dll" id="dccc6c41-dfc6-657e-5f3b-cddfe2da3048">
      <Execution timeOut="1800000" id="0fde6d87-acce-413b-8ba8-5b515924c362" />
      <TestMethod codeBase="C:/Users/baskint/Documents/Visual Studio 2010/Projects/BoardSports/BoardSports.Tests/bin/Debug/BoardSports.Tests.DLL" adapterTypeName="Microsoft.VisualStudio.TestTools.TestTypes.Unit.UnitTestAdapter, Microsoft.VisualStudio.QualityTools.Tips.UnitTest.Adapter, Version=10.0.0.0, Culture=neutral, PublicKeyToken=b03f5f7f11d50a3a" className="BoardSports.Tests.Controllers.AccountControllerTest, BoardSports.Tests, Version=1.0.0.0, Culture=neutral, PublicKeyToken=null" name="ChangePasswordGetReturnsView" />
    </UnitTest>
    <UnitTest name="LoginPostRedirectsToReturnUrlIfLoginSuccessfulAndReturnUrlGiven" storage="c:\users\baskint\documents\visual studio 2010\projects\boardsports\boardsports.tests\bin\debug\boardsports.tests.dll" id="76965c2f-3481-f040-6258-730e6ec88730">
      <Execution timeOut="1800000" id="f66b7858-6f66-4d94-a75a-cd32eba1c690" />
      <TestMethod codeBase="C:/Users/baskint/Documents/Visual Studio 2010/Projects/BoardSports/BoardSports.Tests/bin/Debug/BoardSports.Tests.DLL" adapterTypeName="Microsoft.VisualStudio.TestTools.TestTypes.Unit.UnitTestAdapter, Microsoft.VisualStudio.QualityTools.Tips.UnitTest.Adapter, Version=10.0.0.0, Culture=neutral, PublicKeyToken=b03f5f7f11d50a3a" className="BoardSports.Tests.Controllers.AccountControllerTest, BoardSports.Tests, Version=1.0.0.0, Culture=neutral, PublicKeyToken=null" name="LoginPostRedirectsToReturnUrlIfLoginSuccessfulAndReturnUrlGiven" />
    </UnitTest>
    <UnitTest name="ChangePasswordPostReturnsViewIfNewPasswordIsTooShort" storage="c:\users\baskint\documents\visual studio 2010\projects\boardsports\boardsports.tests\bin\debug\boardsports.tests.dll" id="45007023-d0ee-c53f-db7c-c1b7a78556ab">
      <Execution timeOut="1800000" id="1eba7785-b3eb-422b-9042-f8a93619c607" />
      <TestMethod codeBase="C:/Users/baskint/Documents/Visual Studio 2010/Projects/BoardSports/BoardSports.Tests/bin/Debug/BoardSports.Tests.DLL" adapterTypeName="Microsoft.VisualStudio.TestTools.TestTypes.Unit.UnitTestAdapter, Microsoft.VisualStudio.QualityTools.Tips.UnitTest.Adapter, Version=10.0.0.0, Culture=neutral, PublicKeyToken=b03f5f7f11d50a3a" className="BoardSports.Tests.Controllers.AccountControllerTest, BoardSports.Tests, Version=1.0.0.0, Culture=neutral, PublicKeyToken=null" name="ChangePasswordPostReturnsViewIfNewPasswordIsTooShort" />
    </UnitTest>
    <UnitTest name="ChangePasswordPostReturnsViewIfCurrentPasswordNotSpecified" storage="c:\users\baskint\documents\visual studio 2010\projects\boardsports\boardsports.tests\bin\debug\boardsports.tests.dll" id="c7d9af21-c13d-3f44-d683-ae82f4c46e6a">
      <Execution timeOut="1800000" id="3fd644c7-51d3-4465-b050-e27d33512733" />
      <TestMethod codeBase="C:/Users/baskint/Documents/Visual Studio 2010/Projects/BoardSports/BoardSports.Tests/bin/Debug/BoardSports.Tests.DLL" adapterTypeName="Microsoft.VisualStudio.TestTools.TestTypes.Unit.UnitTestAdapter, Microsoft.VisualStudio.QualityTools.Tips.UnitTest.Adapter, Version=10.0.0.0, Culture=neutral, PublicKeyToken=b03f5f7f11d50a3a" className="BoardSports.Tests.Controllers.AccountControllerTest, BoardSports.Tests, Version=1.0.0.0, Culture=neutral, PublicKeyToken=null" name="ChangePasswordPostReturnsViewIfCurrentPasswordNotSpecified" />
    </UnitTest>
    <UnitTest name="LoginPostReturnsViewIfUsernameNotSpecified" storage="c:\users\baskint\documents\visual studio 2010\projects\boardsports\boardsports.tests\bin\debug\boardsports.tests.dll" id="fb01ef97-7f8d-abda-50de-6bdd78e3d01b">
      <Execution timeOut="1800000" id="0bc2d636-dfc7-4937-94f5-fce80f0a8e9b" />
      <TestMethod codeBase="C:/Users/baskint/Documents/Visual Studio 2010/Projects/BoardSports/BoardSports.Tests/bin/Debug/BoardSports.Tests.DLL" adapterTypeName="Microsoft.VisualStudio.TestTools.TestTypes.Unit.UnitTestAdapter, Microsoft.VisualStudio.QualityTools.Tips.UnitTest.Adapter, Version=10.0.0.0, Culture=neutral, PublicKeyToken=b03f5f7f11d50a3a" className="BoardSports.Tests.Controllers.AccountControllerTest, BoardSports.Tests, Version=1.0.0.0, Culture=neutral, PublicKeyToken=null" name="LoginPostReturnsViewIfUsernameNotSpecified" />
    </UnitTest>
    <UnitTest name="About" storage="c:\users\baskint\documents\visual studio 2010\projects\boardsports\boardsports.tests\bin\debug\boardsports.tests.dll" id="38299cec-bb1a-85aa-2b3e-6e3a1fd03f14">
      <Execution timeOut="1800000" id="140e91b9-3f74-48bb-85df-ed07bee8a8de" />
      <TestMethod codeBase="C:/Users/baskint/Documents/Visual Studio 2010/Projects/BoardSports/BoardSports.Tests/bin/Debug/BoardSports.Tests.DLL" adapterTypeName="Microsoft.VisualStudio.TestTools.TestTypes.Unit.UnitTestAdapter, Microsoft.VisualStudio.QualityTools.Tips.UnitTest.Adapter, Version=10.0.0.0, Culture=neutral, PublicKeyToken=b03f5f7f11d50a3a" className="BoardSports.Tests.Controllers.HomeControllerTest, BoardSports.Tests, Version=1.0.0.0, Culture=neutral, PublicKeyToken=null" name="About" />
    </UnitTest>
    <UnitTest name="LogOff" storage="c:\users\baskint\documents\visual studio 2010\projects\boardsports\boardsports.tests\bin\debug\boardsports.tests.dll" id="b35827de-cfa8-a3b3-8c79-b8b3f3df5937">
      <Execution timeOut="1800000" id="3ce9ccb9-8619-4136-8925-a9cb67831277" />
      <TestMethod codeBase="C:/Users/baskint/Documents/Visual Studio 2010/Projects/BoardSports/BoardSports.Tests/bin/Debug/BoardSports.Tests.DLL" adapterTypeName="Microsoft.VisualStudio.TestTools.TestTypes.Unit.UnitTestAdapter, Microsoft.VisualStudio.QualityTools.Tips.UnitTest.Adapter, Version=10.0.0.0, Culture=neutral, PublicKeyToken=b03f5f7f11d50a3a" className="BoardSports.Tests.Controllers.AccountControllerTest, BoardSports.Tests, Version=1.0.0.0, Culture=neutral, PublicKeyToken=null" name="LogOff" />
    </UnitTest>
    <UnitTest name="RegisterPostRedirectsHomeIfRegistrationSuccessful" storage="c:\users\baskint\documents\visual studio 2010\projects\boardsports\boardsports.tests\bin\debug\boardsports.tests.dll" id="ed703782-a202-dfe6-fe85-be00d9d5925d">
      <Execution timeOut="1800000" id="b830db35-ddc6-4cba-931d-949f67c73a7c" />
      <TestMethod codeBase="C:/Users/baskint/Documents/Visual Studio 2010/Projects/BoardSports/BoardSports.Tests/bin/Debug/BoardSports.Tests.DLL" adapterTypeName="Microsoft.VisualStudio.TestTools.TestTypes.Unit.UnitTestAdapter, Microsoft.VisualStudio.QualityTools.Tips.UnitTest.Adapter, Version=10.0.0.0, Culture=neutral, PublicKeyToken=b03f5f7f11d50a3a" className="BoardSports.Tests.Controllers.AccountControllerTest, BoardSports.Tests, Version=1.0.0.0, Culture=neutral, PublicKeyToken=null" name="RegisterPostRedirectsHomeIfRegistrationSuccessful" />
    </UnitTest>
  </TestDefinitions>
  <TestLists>
    <TestList name="Results Not in a List" id="8c84fa94-04c1-424b-9868-57a2d4851a1d" />
    <TestList name="All Loaded Results" id="19431567-8539-422a-85d7-44ee4e166bda" />
  </TestLists>
  <TestEntries>
    <TestEntry testId="dccc6c41-dfc6-657e-5f3b-cddfe2da3048" executionId="0fde6d87-acce-413b-8ba8-5b515924c362" testListId="8c84fa94-04c1-424b-9868-57a2d4851a1d" />
    <TestEntry testId="fd907f3f-22e5-118a-f380-8d632908eb42" executionId="06741e18-92c6-449d-9f4a-b4e0947077ce" testListId="8c84fa94-04c1-424b-9868-57a2d4851a1d" />
    <TestEntry testId="c7d9af21-c13d-3f44-d683-ae82f4c46e6a" executionId="3fd644c7-51d3-4465-b050-e27d33512733" testListId="8c84fa94-04c1-424b-9868-57a2d4851a1d" />
    <TestEntry testId="1b5b757b-7ada-47c0-f76d-2b72a978a2b3" executionId="5f10251f-0fc3-4f18-ba22-2c9a6a2ae42f" testListId="8c84fa94-04c1-424b-9868-57a2d4851a1d" />
    <TestEntry testId="b4471919-9462-8526-2dad-8b54b25dcca3" executionId="eb2b8240-ef96-4782-9987-ed5657a3c11e" testListId="8c84fa94-04c1-424b-9868-57a2d4851a1d" />
    <TestEntry testId="45007023-d0ee-c53f-db7c-c1b7a78556ab" executionId="1eba7785-b3eb-422b-9042-f8a93619c607" testListId="8c84fa94-04c1-424b-9868-57a2d4851a1d" />
    <TestEntry testId="61d912d3-8907-2e97-1d15-1a42194ec184" executionId="e89c2c90-d2aa-4883-b3bf-ad7edf522598" testListId="8c84fa94-04c1-424b-9868-57a2d4851a1d" />
    <TestEntry testId="16d5dd29-4df3-0d7e-2baf-3ce0e88f242d" executionId="4c429220-34e4-417b-8cb0-d837e72e98b9" testListId="8c84fa94-04c1-424b-9868-57a2d4851a1d" />
    <TestEntry testId="70c5b899-c250-3962-f461-67365318d622" executionId="955d83cd-dde3-4ad4-9e3c-5bfe48589f4f" testListId="8c84fa94-04c1-424b-9868-57a2d4851a1d" />
    <TestEntry testId="abba90e1-1d66-a7a9-959d-308ea5817443" executionId="19944a80-d706-47ba-861e-f41d11512c44" testListId="8c84fa94-04c1-424b-9868-57a2d4851a1d" />
    <TestEntry testId="d42d7079-c9cc-505c-cadd-975302dc1909" executionId="c1fc7506-f14e-4687-9cea-9ff2f7a7b0cd" testListId="8c84fa94-04c1-424b-9868-57a2d4851a1d" />
    <TestEntry testId="c314a670-4d52-83ce-1cee-8589e03dbfa9" executionId="505266be-c7f8-4230-8aa7-bdeab92cbb2f" testListId="8c84fa94-04c1-424b-9868-57a2d4851a1d" />
    <TestEntry testId="76965c2f-3481-f040-6258-730e6ec88730" executionId="f66b7858-6f66-4d94-a75a-cd32eba1c690" testListId="8c84fa94-04c1-424b-9868-57a2d4851a1d" />
    <TestEntry testId="aebc9ee0-6de2-b3db-3464-4affce0df534" executionId="4159a91b-73e9-463e-a0a8-0e49a2f8ba37" testListId="8c84fa94-04c1-424b-9868-57a2d4851a1d" />
    <TestEntry testId="fb01ef97-7f8d-abda-50de-6bdd78e3d01b" executionId="0bc2d636-dfc7-4937-94f5-fce80f0a8e9b" testListId="8c84fa94-04c1-424b-9868-57a2d4851a1d" />
    <TestEntry testId="f82417fe-1699-d3be-de63-f3a74823bf3b" executionId="3992f7ad-08b5-4eee-a58b-1925a44dfd92" testListId="8c84fa94-04c1-424b-9868-57a2d4851a1d" />
    <TestEntry testId="b35827de-cfa8-a3b3-8c79-b8b3f3df5937" executionId="3ce9ccb9-8619-4136-8925-a9cb67831277" testListId="8c84fa94-04c1-424b-9868-57a2d4851a1d" />
    <TestEntry testId="c35b2639-85f8-fdb5-7023-ee76a1844d47" executionId="4ffb15d1-7137-4217-908a-51ee3991e32c" testListId="8c84fa94-04c1-424b-9868-57a2d4851a1d" />
    <TestEntry testId="ed703782-a202-dfe6-fe85-be00d9d5925d" executionId="b830db35-ddc6-4cba-931d-949f67c73a7c" testListId="8c84fa94-04c1-424b-9868-57a2d4851a1d" />
    <TestEntry testId="2485a47b-c028-7418-dd20-25a97fd5b774" executionId="5db5bf9f-1af4-436d-92b3-7811a8e5bbd0" testListId="8c84fa94-04c1-424b-9868-57a2d4851a1d" />
    <TestEntry testId="fe2c1f2f-036d-b0af-f5df-36dffe5e0f7a" executionId="e7149d62-02dc-4cd7-9d6b-bc32b9508075" testListId="8c84fa94-04c1-424b-9868-57a2d4851a1d" />
    <TestEntry testId="cd199a80-1bbe-9dd8-ff7d-5767858c842c" executionId="216d5900-653b-4331-837a-17a1d49b6781" testListId="8c84fa94-04c1-424b-9868-57a2d4851a1d" />
    <TestEntry testId="3c97b0bf-3e81-606a-e1d8-e8cbe2c2d342" executionId="5e9991c6-582a-4146-8273-fb35dc7f2ad9" testListId="8c84fa94-04c1-424b-9868-57a2d4851a1d" />
    <TestEntry testId="adcf75dd-6b6e-145b-cdf6-9b134c490276" executionId="6bb1254e-6717-462f-9d41-4a32dfa68fcd" testListId="8c84fa94-04c1-424b-9868-57a2d4851a1d" />
    <TestEntry testId="0e265a66-1a88-fde2-6ef9-f08300ae3f86" executionId="8930ed15-3ec5-4a05-80a1-78f47eda04b4" testListId="8c84fa94-04c1-424b-9868-57a2d4851a1d" />
    <TestEntry testId="38299cec-bb1a-85aa-2b3e-6e3a1fd03f14" executionId="140e91b9-3f74-48bb-85df-ed07bee8a8de" testListId="8c84fa94-04c1-424b-9868-57a2d4851a1d" />
  </TestEntries>
  <Results>
    <UnitTestResult executionId="0fde6d87-acce-413b-8ba8-5b515924c362" testId="dccc6c41-dfc6-657e-5f3b-cddfe2da3048" testName="ChangePasswordGetReturnsView" computerName="MAGIC" duration="00:00:00.0262801" startTime="2010-12-04T00:17:20.2459257-06:00" endTime="2010-12-04T00:17:20.3259303-06:00" testType="13cdc9d9-ddb5-4fa4-a97d-d965ccfc6d4b" outcome="Passed" testListId="8c84fa94-04c1-424b-9868-57a2d4851a1d" relativeResultsDirectory="0fde6d87-acce-413b-8ba8-5b515924c362">
    </UnitTestResult>
    <UnitTestResult executionId="06741e18-92c6-449d-9f4a-b4e0947077ce" testId="fd907f3f-22e5-118a-f380-8d632908eb42" testName="ChangePasswordPostRedirectsOnSuccess" computerName="MAGIC" duration="00:00:00.0062807" startTime="2010-12-04T00:17:20.3279304-06:00" endTime="2010-12-04T00:17:20.3349308-06:00" testType="13cdc9d9-ddb5-4fa4-a97d-d965ccfc6d4b" outcome="Passed" testListId="8c84fa94-04c1-424b-9868-57a2d4851a1d" relativeResultsDirectory="06741e18-92c6-449d-9f4a-b4e0947077ce">
    </UnitTestResult>
    <UnitTestResult executionId="3fd644c7-51d3-4465-b050-e27d33512733" testId="c7d9af21-c13d-3f44-d683-ae82f4c46e6a" testName="ChangePasswordPostReturnsViewIfCurrentPasswordNotSpecified" computerName="MAGIC" duration="00:00:00.0083476" startTime="2010-12-04T00:17:20.3369309-06:00" endTime="2010-12-04T00:17:20.3459314-06:00" testType="13cdc9d9-ddb5-4fa4-a97d-d965ccfc6d4b" outcome="Passed" testListId="8c84fa94-04c1-424b-9868-57a2d4851a1d" relativeResultsDirectory="3fd644c7-51d3-4465-b050-e27d33512733">
    </UnitTestResult>
    <UnitTestResult executionId="5f10251f-0fc3-4f18-ba22-2c9a6a2ae42f" testId="1b5b757b-7ada-47c0-f76d-2b72a978a2b3" testName="ChangePasswordPostReturnsViewIfNewPasswordDoesNotMatchConfirmPassword" computerName="MAGIC" duration="00:00:00.0002825" startTime="2010-12-04T00:17:20.3469315-06:00" endTime="2010-12-04T00:17:20.3479315-06:00" testType="13cdc9d9-ddb5-4fa4-a97d-d965ccfc6d4b" outcome="Passed" testListId="8c84fa94-04c1-424b-9868-57a2d4851a1d" relativeResultsDirectory="5f10251f-0fc3-4f18-ba22-2c9a6a2ae42f">
    </UnitTestResult>
    <UnitTestResult executionId="eb2b8240-ef96-4782-9987-ed5657a3c11e" testId="b4471919-9462-8526-2dad-8b54b25dcca3" testName="ChangePasswordPostReturnsViewIfNewPasswordIsNull" computerName="MAGIC" duration="00:00:00.0002898" startTime="2010-12-04T00:17:20.3489316-06:00" endTime="2010-12-04T00:17:20.3499317-06:00" testType="13cdc9d9-ddb5-4fa4-a97d-d965ccfc6d4b" outcome="Passed" testListId="8c84fa94-04c1-424b-9868-57a2d4851a1d" relativeResultsDirectory="eb2b8240-ef96-4782-9987-ed5657a3c11e">
    </UnitTestResult>
    <UnitTestResult executionId="1eba7785-b3eb-422b-9042-f8a93619c607" testId="45007023-d0ee-c53f-db7c-c1b7a78556ab" testName="ChangePasswordPostReturnsViewIfNewPasswordIsTooShort" computerName="MAGIC" duration="00:00:00.0002943" startTime="2010-12-04T00:17:20.3499317-06:00" endTime="2010-12-04T00:17:20.3509317-06:00" testType="13cdc9d9-ddb5-4fa4-a97d-d965ccfc6d4b" outcome="Passed" testListId="8c84fa94-04c1-424b-9868-57a2d4851a1d" relativeResultsDirectory="1eba7785-b3eb-422b-9042-f8a93619c607">
    </UnitTestResult>
    <UnitTestResult executionId="e89c2c90-d2aa-4883-b3bf-ad7edf522598" testId="61d912d3-8907-2e97-1d15-1a42194ec184" testName="ChangePasswordPostReturnsViewIfProviderRejectsPassword" computerName="MAGIC" duration="00:00:00.0003931" startTime="2010-12-04T00:17:20.3519318-06:00" endTime="2010-12-04T00:17:20.3529318-06:00" testType="13cdc9d9-ddb5-4fa4-a97d-d965ccfc6d4b" outcome="Passed" testListId="8c84fa94-04c1-424b-9868-57a2d4851a1d" relativeResultsDirectory="e89c2c90-d2aa-4883-b3bf-ad7edf522598">
    </UnitTestResult>
    <UnitTestResult executionId="4c429220-34e4-417b-8cb0-d837e72e98b9" testId="16d5dd29-4df3-0d7e-2baf-3ce0e88f242d" testName="ChangePasswordSuccess" computerName="MAGIC" duration="00:00:00.0003495" startTime="2010-12-04T00:17:20.3529318-06:00" endTime="2010-12-04T00:17:20.3539319-06:00" testType="13cdc9d9-ddb5-4fa4-a97d-d965ccfc6d4b" outcome="Passed" testListId="8c84fa94-04c1-424b-9868-57a2d4851a1d" relativeResultsDirectory="4c429220-34e4-417b-8cb0-d837e72e98b9">
    </UnitTestResult>
    <UnitTestResult executionId="955d83cd-dde3-4ad4-9e3c-5bfe48589f4f" testId="70c5b899-c250-3962-f461-67365318d622" testName="ConstructorSetsProperties" computerName="MAGIC" duration="00:00:00.0493170" startTime="2010-12-04T00:17:20.3549319-06:00" endTime="2010-12-04T00:17:20.4049348-06:00" testType="13cdc9d9-ddb5-4fa4-a97d-d965ccfc6d4b" outcome="Passed" testListId="8c84fa94-04c1-424b-9868-57a2d4851a1d" relativeResultsDirectory="955d83cd-dde3-4ad4-9e3c-5bfe48589f4f">
    </UnitTestResult>
    <UnitTestResult executionId="19944a80-d706-47ba-861e-f41d11512c44" testId="abba90e1-1d66-a7a9-959d-308ea5817443" testName="ConstructorSetsPropertiesToDefaultValues" computerName="MAGIC" duration="00:00:00.0003296" startTime="2010-12-04T00:17:20.4059349-06:00" endTime="2010-12-04T00:17:20.4069349-06:00" testType="13cdc9d9-ddb5-4fa4-a97d-d965ccfc6d4b" outcome="Passed" testListId="8c84fa94-04c1-424b-9868-57a2d4851a1d" relativeResultsDirectory="19944a80-d706-47ba-861e-f41d11512c44">
    </UnitTestResult>
    <UnitTestResult executionId="c1fc7506-f14e-4687-9cea-9ff2f7a7b0cd" testId="d42d7079-c9cc-505c-cadd-975302dc1909" testName="LoginGet" computerName="MAGIC" duration="00:00:00.0002143" startTime="2010-12-04T00:17:20.4079350-06:00" endTime="2010-12-04T00:17:20.4079350-06:00" testType="13cdc9d9-ddb5-4fa4-a97d-d965ccfc6d4b" outcome="Passed" testListId="8c84fa94-04c1-424b-9868-57a2d4851a1d" relativeResultsDirectory="c1fc7506-f14e-4687-9cea-9ff2f7a7b0cd">
    </UnitTestResult>
    <UnitTestResult executionId="505266be-c7f8-4230-8aa7-bdeab92cbb2f" testId="c314a670-4d52-83ce-1cee-8589e03dbfa9" testName="LoginPostRedirectsHomeIfLoginSuccessfulButNoReturnUrlGiven" computerName="MAGIC" duration="00:00:00.0009241" startTime="2010-12-04T00:17:20.4089350-06:00" endTime="2010-12-04T00:17:20.4099351-06:00" testType="13cdc9d9-ddb5-4fa4-a97d-d965ccfc6d4b" outcome="Passed" testListId="8c84fa94-04c1-424b-9868-57a2d4851a1d" relativeResultsDirectory="505266be-c7f8-4230-8aa7-bdeab92cbb2f">
    </UnitTestResult>
    <UnitTestResult executionId="f66b7858-6f66-4d94-a75a-cd32eba1c690" testId="76965c2f-3481-f040-6258-730e6ec88730" testName="LoginPostRedirectsToReturnUrlIfLoginSuccessfulAndReturnUrlGiven" computerName="MAGIC" duration="00:00:00.0009509" startTime="2010-12-04T00:17:20.4109351-06:00" endTime="2010-12-04T00:17:20.4129353-06:00" testType="13cdc9d9-ddb5-4fa4-a97d-d965ccfc6d4b" outcome="Passed" testListId="8c84fa94-04c1-424b-9868-57a2d4851a1d" relativeResultsDirectory="f66b7858-6f66-4d94-a75a-cd32eba1c690">
    </UnitTestResult>
    <UnitTestResult executionId="4159a91b-73e9-463e-a0a8-0e49a2f8ba37" testId="aebc9ee0-6de2-b3db-3464-4affce0df534" testName="LoginPostReturnsViewIfPasswordNotSpecified" computerName="MAGIC" duration="00:00:00.0003028" startTime="2010-12-04T00:17:20.4139353-06:00" endTime="2010-12-04T00:17:20.4149354-06:00" testType="13cdc9d9-ddb5-4fa4-a97d-d965ccfc6d4b" outcome="Passed" testListId="8c84fa94-04c1-424b-9868-57a2d4851a1d" relativeResultsDirectory="4159a91b-73e9-463e-a0a8-0e49a2f8ba37">
    </UnitTestResult>
    <UnitTestResult executionId="0bc2d636-dfc7-4937-94f5-fce80f0a8e9b" testId="fb01ef97-7f8d-abda-50de-6bdd78e3d01b" testName="LoginPostReturnsViewIfUsernameNotSpecified" computerName="MAGIC" duration="00:00:00.0002358" startTime="2010-12-04T00:17:20.4149354-06:00" endTime="2010-12-04T00:17:20.4159354-06:00" testType="13cdc9d9-ddb5-4fa4-a97d-d965ccfc6d4b" outcome="Passed" testListId="8c84fa94-04c1-424b-9868-57a2d4851a1d" relativeResultsDirectory="0bc2d636-dfc7-4937-94f5-fce80f0a8e9b">
    </UnitTestResult>
    <UnitTestResult executionId="3992f7ad-08b5-4eee-a58b-1925a44dfd92" testId="f82417fe-1699-d3be-de63-f3a74823bf3b" testName="LoginPostReturnsViewIfUsernameOrPasswordIsIncorrect" computerName="MAGIC" duration="00:00:00.0002377" startTime="2010-12-04T00:17:20.4169355-06:00" endTime="2010-12-04T00:17:20.4179355-06:00" testType="13cdc9d9-ddb5-4fa4-a97d-d965ccfc6d4b" outcome="Passed" testListId="8c84fa94-04c1-424b-9868-57a2d4851a1d" relativeResultsDirectory="3992f7ad-08b5-4eee-a58b-1925a44dfd92">
    </UnitTestResult>
    <UnitTestResult executionId="3ce9ccb9-8619-4136-8925-a9cb67831277" testId="b35827de-cfa8-a3b3-8c79-b8b3f3df5937" testName="LogOff" computerName="MAGIC" duration="00:00:00.0003319" startTime="2010-12-04T00:17:20.4189356-06:00" endTime="2010-12-04T00:17:20.4189356-06:00" testType="13cdc9d9-ddb5-4fa4-a97d-d965ccfc6d4b" outcome="Passed" testListId="8c84fa94-04c1-424b-9868-57a2d4851a1d" relativeResultsDirectory="3ce9ccb9-8619-4136-8925-a9cb67831277">
    </UnitTestResult>
    <UnitTestResult executionId="4ffb15d1-7137-4217-908a-51ee3991e32c" testId="c35b2639-85f8-fdb5-7023-ee76a1844d47" testName="RegisterGet" computerName="MAGIC" duration="00:00:00.0003081" startTime="2010-12-04T00:17:20.4199357-06:00" endTime="2010-12-04T00:17:20.4209357-06:00" testType="13cdc9d9-ddb5-4fa4-a97d-d965ccfc6d4b" outcome="Passed" testListId="8c84fa94-04c1-424b-9868-57a2d4851a1d" relativeResultsDirectory="4ffb15d1-7137-4217-908a-51ee3991e32c">
    </UnitTestResult>
    <UnitTestResult executionId="b830db35-ddc6-4cba-931d-949f67c73a7c" testId="ed703782-a202-dfe6-fe85-be00d9d5925d" testName="RegisterPostRedirectsHomeIfRegistrationSuccessful" computerName="MAGIC" duration="00:00:00.0012484" startTime="2010-12-04T00:17:20.4219358-06:00" endTime="2010-12-04T00:17:20.4229358-06:00" testType="13cdc9d9-ddb5-4fa4-a97d-d965ccfc6d4b" outcome="Passed" testListId="8c84fa94-04c1-424b-9868-57a2d4851a1d" relativeResultsDirectory="b830db35-ddc6-4cba-931d-949f67c73a7c">
    </UnitTestResult>
    <UnitTestResult executionId="5db5bf9f-1af4-436d-92b3-7811a8e5bbd0" testId="2485a47b-c028-7418-dd20-25a97fd5b774" testName="RegisterPostReturnsViewIfEmailNotSpecified" computerName="MAGIC" duration="00:00:00.0002787" startTime="2010-12-04T00:17:20.4239359-06:00" endTime="2010-12-04T00:17:20.4249359-06:00" testType="13cdc9d9-ddb5-4fa4-a97d-d965ccfc6d4b" outcome="Passed" testListId="8c84fa94-04c1-424b-9868-57a2d4851a1d" relativeResultsDirectory="5db5bf9f-1af4-436d-92b3-7811a8e5bbd0">
    </UnitTestResult>
    <UnitTestResult executionId="e7149d62-02dc-4cd7-9d6b-bc32b9508075" testId="fe2c1f2f-036d-b0af-f5df-36dffe5e0f7a" testName="RegisterPostReturnsViewIfNewPasswordDoesNotMatchConfirmPassword" computerName="MAGIC" duration="00:00:00.0002752" startTime="2010-12-04T00:17:20.4259360-06:00" endTime="2010-12-04T00:17:20.4259360-06:00" testType="13cdc9d9-ddb5-4fa4-a97d-d965ccfc6d4b" outcome="Passed" testListId="8c84fa94-04c1-424b-9868-57a2d4851a1d" relativeResultsDirectory="e7149d62-02dc-4cd7-9d6b-bc32b9508075">
    </UnitTestResult>
    <UnitTestResult executionId="216d5900-653b-4331-837a-17a1d49b6781" testId="cd199a80-1bbe-9dd8-ff7d-5767858c842c" testName="RegisterPostReturnsViewIfPasswordIsNull" computerName="MAGIC" duration="00:00:00.0002802" startTime="2010-12-04T00:17:20.4269361-06:00" endTime="2010-12-04T00:17:20.4279361-06:00" testType="13cdc9d9-ddb5-4fa4-a97d-d965ccfc6d4b" outcome="Passed" testListId="8c84fa94-04c1-424b-9868-57a2d4851a1d" relativeResultsDirectory="216d5900-653b-4331-837a-17a1d49b6781">
    </UnitTestResult>
    <UnitTestResult executionId="5e9991c6-582a-4146-8273-fb35dc7f2ad9" testId="3c97b0bf-3e81-606a-e1d8-e8cbe2c2d342" testName="RegisterPostReturnsViewIfPasswordIsTooShort" computerName="MAGIC" duration="00:00:00.0002764" startTime="2010-12-04T00:17:20.4289362-06:00" endTime="2010-12-04T00:17:20.4289362-06:00" testType="13cdc9d9-ddb5-4fa4-a97d-d965ccfc6d4b" outcome="Passed" testListId="8c84fa94-04c1-424b-9868-57a2d4851a1d" relativeResultsDirectory="5e9991c6-582a-4146-8273-fb35dc7f2ad9">
    </UnitTestResult>
    <UnitTestResult executionId="6bb1254e-6717-462f-9d41-4a32dfa68fcd" testId="adcf75dd-6b6e-145b-cdf6-9b134c490276" testName="RegisterPostReturnsViewIfRegistrationFails" computerName="MAGIC" duration="00:00:00.0004459" startTime="2010-12-04T00:17:20.4299362-06:00" endTime="2010-12-04T00:17:20.4309363-06:00" testType="13cdc9d9-ddb5-4fa4-a97d-d965ccfc6d4b" outcome="Passed" testListId="8c84fa94-04c1-424b-9868-57a2d4851a1d" relativeResultsDirectory="6bb1254e-6717-462f-9d41-4a32dfa68fcd">
    </UnitTestResult>
    <UnitTestResult executionId="8930ed15-3ec5-4a05-80a1-78f47eda04b4" testId="0e265a66-1a88-fde2-6ef9-f08300ae3f86" testName="RegisterPostReturnsViewIfUsernameNotSpecified" computerName="MAGIC" duration="00:00:00.0002752" startTime="2010-12-04T00:17:20.4319363-06:00" endTime="2010-12-04T00:17:20.4329364-06:00" testType="13cdc9d9-ddb5-4fa4-a97d-d965ccfc6d4b" outcome="Passed" testListId="8c84fa94-04c1-424b-9868-57a2d4851a1d" relativeResultsDirectory="8930ed15-3ec5-4a05-80a1-78f47eda04b4">
    </UnitTestResult>
    <UnitTestResult executionId="140e91b9-3f74-48bb-85df-ed07bee8a8de" testId="38299cec-bb1a-85aa-2b3e-6e3a1fd03f14" testName="About" computerName="MAGIC" duration="00:00:00.0004444" startTime="2010-12-04T00:17:20.4339365-06:00" endTime="2010-12-04T00:17:20.4349365-06:00" testType="13cdc9d9-ddb5-4fa4-a97d-d965ccfc6d4b" outcome="Passed" testListId="8c84fa94-04c1-424b-9868-57a2d4851a1d" relativeResultsDirectory="140e91b9-3f74-48bb-85df-ed07bee8a8de">
    </UnitTestResult>
  </Results>
</TestRun>