<?xml version="1.0" encoding="UTF-8"?>
<TestRun id="2bce8c63-6525-42b0-b7a3-16d36228c9a8" name="us688228@WIN7-US688228 2011-04-22 14:12:05" runUser="win7-us688228\us688228" xmlns="http://microsoft.com/schemas/VisualStudio/TeamTest/2010">
  <TestSettings name="Default Test Settings" id="cc375f77-b37e-41b8-863f-f3366c03e254">
    <Execution>
      <TestTypeSpecific />
      <AgentRule name="Execution Agents">
      </AgentRule>
    </Execution>
    <Deployment runDeploymentRoot="us688228_WIN7-US688228 2011-04-22 14_12_05" />
  </TestSettings>
  <Times creation="2011-04-22T14:12:05.0168735-05:00" queuing="2011-04-22T14:12:05.5799057-05:00" start="2011-04-22T14:12:05.7719167-05:00" finish="2011-04-22T14:12:09.7841462-05:00" />
  <ResultSummary outcome="Completed">
    <Counters total="1" executed="1" passed="1" error="0" failed="0" timeout="0" aborted="0" inconclusive="0" passedButRunAborted="0" notRunnable="0" notExecuted="0" disconnected="0" warning="0" completed="0" inProgress="0" pending="0" />
  </ResultSummary>
  <TestDefinitions>
    <UnitTest name="SaveBoard_Should_Return" storage="c:\src\dotnet\boardsportsaspmvc\boardsports.tests\bin\debug\boardsports.tests.dll" id="63ebbc64-1b44-8d47-e3ff-ca0958123e15">
      <Execution timeOut="1800000" id="429e3009-63d6-4f20-95fe-68bdccd2f833" />
      <TestMethod codeBase="C:/src/dotNet/BoardSportsASPMVC/BoardSports.Tests/bin/Debug/BoardSports.Tests.DLL" adapterTypeName="Microsoft.VisualStudio.TestTools.TestTypes.Unit.UnitTestAdapter, Microsoft.VisualStudio.QualityTools.Tips.UnitTest.Adapter, Version=10.0.0.0, Culture=neutral, PublicKeyToken=b03f5f7f11d50a3a" className="BoardSports.Tests.Integration.SailboardTests, BoardSports.Tests, Version=1.0.0.0, Culture=neutral, PublicKeyToken=null" name="SaveBoard_Should_Return" />
    </UnitTest>
  </TestDefinitions>
  <TestLists>
    <TestList name="Results Not in a List" id="8c84fa94-04c1-424b-9868-57a2d4851a1d" />
    <TestList name="All Loaded Results" id="19431567-8539-422a-85d7-44ee4e166bda" />
  </TestLists>
  <TestEntries>
    <TestEntry testId="63ebbc64-1b44-8d47-e3ff-ca0958123e15" executionId="429e3009-63d6-4f20-95fe-68bdccd2f833" testListId="8c84fa94-04c1-424b-9868-57a2d4851a1d" />
  </TestEntries>
  <Results>
    <UnitTestResult executionId="429e3009-63d6-4f20-95fe-68bdccd2f833" testId="63ebbc64-1b44-8d47-e3ff-ca0958123e15" testName="SaveBoard_Should_Return" computerName="WIN7-US688228" duration="00:00:03.8451546" startTime="2011-04-22T14:12:05.8159192-05:00" endTime="2011-04-22T14:12:09.7201425-05:00" testType="13cdc9d9-ddb5-4fa4-a97d-d965ccfc6d4b" outcome="Passed" testListId="8c84fa94-04c1-424b-9868-57a2d4851a1d" relativeResultsDirectory="429e3009-63d6-4f20-95fe-68bdccd2f833">
    </UnitTestResult>
  </Results>
</TestRun>