<?xml version="1.0" encoding="UTF-8"?>
<TestRun id="d85ef760-24d8-4a36-9eda-8664b8b5e94e" name="us688228@WIN7-US688228 2011-04-22 14:09:29" runUser="win7-us688228\us688228" xmlns="http://microsoft.com/schemas/VisualStudio/TeamTest/2010">
  <TestSettings name="Default Test Settings" id="fe81729e-02bc-4bb1-916a-80f4158d101b">
    <Execution>
      <TestTypeSpecific />
      <AgentRule name="Execution Agents">
      </AgentRule>
    </Execution>
    <Deployment runDeploymentRoot="us688228_WIN7-US688228 2011-04-22 14_09_29" />
  </TestSettings>
  <Times creation="2011-04-22T14:09:29.5649822-05:00" queuing="2011-04-22T14:09:30.2800231-05:00" start="2011-04-22T14:09:30.4600334-05:00" finish="2011-04-22T14:09:31.1310718-05:00" />
  <ResultSummary outcome="Failed">
    <Counters total="1" executed="1" error="0" failed="1" timeout="0" aborted="0" inconclusive="0" passedButRunAborted="0" notRunnable="0" notExecuted="0" disconnected="0" warning="0" passed="0" completed="0" inProgress="0" pending="0" />
  </ResultSummary>
  <TestDefinitions>
    <UnitTest name="SaveBoard_Should_Return" storage="c:\src\dotnet\boardsportsaspmvc\boardsports.tests\bin\debug\boardsports.tests.dll" id="63ebbc64-1b44-8d47-e3ff-ca0958123e15">
      <Execution timeOut="1800000" id="f5ae6f5a-75a9-47e9-8aa4-7f98de53a2b1" />
      <TestMethod codeBase="C:/src/dotNet/BoardSportsASPMVC/BoardSports.Tests/bin/Debug/BoardSports.Tests.DLL" adapterTypeName="Microsoft.VisualStudio.TestTools.TestTypes.Unit.UnitTestAdapter, Microsoft.VisualStudio.QualityTools.Tips.UnitTest.Adapter, Version=10.0.0.0, Culture=neutral, PublicKeyToken=b03f5f7f11d50a3a" className="BoardSports.Tests.Integration.SailboardTests, BoardSports.Tests, Version=1.0.0.0, Culture=neutral, PublicKeyToken=null" name="SaveBoard_Should_Return" />
    </UnitTest>
  </TestDefinitions>
  <TestLists>
    <TestList name="Results Not in a List" id="8c84fa94-04c1-424b-9868-57a2d4851a1d" />
    <TestList name="All Loaded Results" id="19431567-8539-422a-85d7-44ee4e166bda" />
  </TestLists>
  <TestEntries>
    <TestEntry testId="63ebbc64-1b44-8d47-e3ff-ca0958123e15" executionId="f5ae6f5a-75a9-47e9-8aa4-7f98de53a2b1" testListId="8c84fa94-04c1-424b-9868-57a2d4851a1d" />
  </TestEntries>
  <Results>
    <UnitTestResult executionId="f5ae6f5a-75a9-47e9-8aa4-7f98de53a2b1" testId="63ebbc64-1b44-8d47-e3ff-ca0958123e15" testName="SaveBoard_Should_Return" computerName="WIN7-US688228" duration="00:00:00.4995863" startTime="2011-04-22T14:09:30.5030358-05:00" endTime="2011-04-22T14:09:31.0650680-05:00" testType="13cdc9d9-ddb5-4fa4-a97d-d965ccfc6d4b" outcome="Failed" testListId="8c84fa94-04c1-424b-9868-57a2d4851a1d" relativeResultsDirectory="f5ae6f5a-75a9-47e9-8aa4-7f98de53a2b1">
      <Output>
        <ErrorInfo>
          <Message>Test method BoardSports.Tests.Integration.SailboardTests.SaveBoard_Should_Return threw exception: 
System.ArgumentException: The specified named connection is either not found in the configuration, not intended to be used with the EntityClient provider, or not valid.</Message>
          <StackTrace>    at System.Data.EntityClient.EntityConnection.ChangeConnectionString(String newConnectionString)
   at System.Data.EntityClient.EntityConnection..ctor(String connectionString)
   at System.Data.Objects.ObjectContext.CreateEntityConnection(String connectionString)
   at System.Data.Objects.ObjectContext..ctor(String connectionString, String defaultContainerName)
   at BoardSports.DAL.BoardSportsDevEntity..ctor() in C:\src\dotNet\BoardSportsASPMVC\BoardSports.DAL\BoardSportsEF.Designer.cs:line 45
   at BoardSports.DAL.Sailboard.SaveBoard(Board board) in C:\src\dotNet\BoardSportsASPMVC\BoardSports.DAL\Windsurfing\Sailboard.cs:line 16
   at BoardSports.Tests.Integration.SailboardTests.SaveBoard_Should_Return() in C:\src\dotNet\BoardSportsASPMVC\BoardSports.Tests\Integration\SailboardTests.cs:line 34
</StackTrace>
        </ErrorInfo>
      </Output>
    </UnitTestResult>
  </Results>
</TestRun>